Using device: cuda
Total samples: 1000, Training: 800, Validation: 200
Total trainable parameters: 4577537
Epoch 1/300
Train Loss: 4.80898302, Train R²: -1.292717, Val Loss: 2.04211402, Val R²: 0.039282
Saved Best Model with Val Loss: 2.042114
Epoch 2/300
Train Loss: 2.23736183, Train R²: -0.066678, Val Loss: 2.05046844, Val R²: 0.035351
Epoch 3/300
Train Loss: 2.16680251, Train R²: -0.033039, Val Loss: 2.36668825, Val R²: -0.113415
Epoch 4/300
Train Loss: 2.17171824, Train R²: -0.035382, Val Loss: 1.96013117, Val R²: 0.077851
Saved Best Model with Val Loss: 1.960131
Epoch 5/300
Train Loss: 2.02885937, Train R²: 0.032727, Val Loss: 1.98754299, Val R²: 0.064955
Epoch 6/300
Train Loss: 1.75126680, Train R²: 0.165071, Val Loss: 1.75764859, Val R²: 0.173109
Saved Best Model with Val Loss: 1.757649
Epoch 7/300
Train Loss: 1.60670428, Train R²: 0.233992, Val Loss: 1.57368112, Val R²: 0.259657
Saved Best Model with Val Loss: 1.573681
Epoch 8/300
Train Loss: 1.30021461, Train R²: 0.380113, Val Loss: 1.32713425, Val R²: 0.375646
Saved Best Model with Val Loss: 1.327134
Epoch 9/300
Train Loss: 1.01767069, Train R²: 0.514818, Val Loss: 1.89660013, Val R²: 0.107739
Epoch 10/300
Train Loss: 1.40515462, Train R²: 0.330082, Val Loss: 1.27587056, Val R²: 0.399763
Saved Best Model with Val Loss: 1.275871
Epoch 11/300
Train Loss: 0.92587237, Train R²: 0.558584, Val Loss: 1.29073238, Val R²: 0.392771
Epoch 12/300
Train Loss: 0.82198594, Train R²: 0.608112, Val Loss: 1.21315706, Val R²: 0.429267
Saved Best Model with Val Loss: 1.213157
Epoch 13/300
Train Loss: 0.62702664, Train R²: 0.701061, Val Loss: 1.34212852, Val R²: 0.368592
Epoch 14/300
Train Loss: 0.61233195, Train R²: 0.708066, Val Loss: 1.09506834, Val R²: 0.484822
Saved Best Model with Val Loss: 1.095068
Epoch 15/300
Train Loss: 0.44149970, Train R²: 0.789512, Val Loss: 1.09310091, Val R²: 0.485748
Saved Best Model with Val Loss: 1.093101
Epoch 16/300
Train Loss: 0.32589400, Train R²: 0.844628, Val Loss: 1.00602019, Val R²: 0.526715
Saved Best Model with Val Loss: 1.006020
Epoch 17/300
Train Loss: 0.29670004, Train R²: 0.858546, Val Loss: 0.97034216, Val R²: 0.543500
Saved Best Model with Val Loss: 0.970342
Epoch 18/300
Train Loss: 0.24171433, Train R²: 0.884761, Val Loss: 1.01559722, Val R²: 0.522209
Epoch 19/300
Train Loss: 0.19468661, Train R²: 0.907182, Val Loss: 1.05403328, Val R²: 0.504127
Epoch 20/300
Train Loss: 0.16259728, Train R²: 0.922481, Val Loss: 1.08480966, Val R²: 0.489648
Epoch 21/300
Train Loss: 0.17548714, Train R²: 0.916335, Val Loss: 1.11589074, Val R²: 0.475026
Epoch 22/300
Train Loss: 0.25061487, Train R²: 0.880518, Val Loss: 1.26986432, Val R²: 0.402589
Epoch 23/300
Train Loss: 0.37517118, Train R²: 0.821134, Val Loss: 1.20469284, Val R²: 0.433249
Epoch 24/300
Train Loss: 0.26931896, Train R²: 0.871600, Val Loss: 1.13592005, Val R²: 0.465603
Epoch 25/300
Train Loss: 0.21343827, Train R²: 0.898242, Val Loss: 1.11426473, Val R²: 0.475791
Epoch 26/300
Train Loss: 0.21491142, Train R²: 0.897539, Val Loss: 1.07207096, Val R²: 0.495641
Epoch 27/300
Train Loss: 0.17034676, Train R²: 0.918786, Val Loss: 1.19245112, Val R²: 0.439008
Epoch 28/300
Train Loss: 0.17372284, Train R²: 0.917176, Val Loss: 1.02287352, Val R²: 0.518786
Epoch 00028: reducing learning rate of group 0 to 5.0000e-04.
Epoch 29/300
Train Loss: 0.11201777, Train R²: 0.946595, Val Loss: 0.96358109, Val R²: 0.546681
Saved Best Model with Val Loss: 0.963581
Epoch 30/300
Train Loss: 0.09534296, Train R²: 0.954545, Val Loss: 1.05389643, Val R²: 0.504191
Epoch 31/300
Train Loss: 0.07310883, Train R²: 0.965145, Val Loss: 1.01125634, Val R²: 0.524252
Epoch 32/300
Train Loss: 0.05926931, Train R²: 0.971743, Val Loss: 0.98123389, Val R²: 0.538376
Epoch 33/300
Train Loss: 0.04600648, Train R²: 0.978066, Val Loss: 1.03279579, Val R²: 0.514118
Epoch 34/300
Train Loss: 0.03914428, Train R²: 0.981338, Val Loss: 1.06366754, Val R²: 0.499595
Epoch 35/300
Train Loss: 0.03549495, Train R²: 0.983078, Val Loss: 1.00619423, Val R²: 0.526633
Epoch 36/300
Train Loss: 0.02493577, Train R²: 0.988112, Val Loss: 0.97016782, Val R²: 0.543582
Epoch 37/300
Train Loss: 0.01857643, Train R²: 0.991144, Val Loss: 0.96176481, Val R²: 0.547535
Saved Best Model with Val Loss: 0.961765
Epoch 38/300
Train Loss: 0.01520338, Train R²: 0.992752, Val Loss: 0.97165990, Val R²: 0.542880
Epoch 39/300
Train Loss: 0.01068283, Train R²: 0.994907, Val Loss: 0.97142863, Val R²: 0.542989
Epoch 40/300
Train Loss: 0.00878011, Train R²: 0.995814, Val Loss: 0.98921621, Val R²: 0.534620
Epoch 41/300
Train Loss: 0.00891241, Train R²: 0.995751, Val Loss: 0.97063828, Val R²: 0.543360
Epoch 42/300
Train Loss: 0.00630423, Train R²: 0.996994, Val Loss: 0.98106533, Val R²: 0.538455
Epoch 43/300
Train Loss: 0.00515654, Train R²: 0.997542, Val Loss: 0.97214079, Val R²: 0.542654
Epoch 44/300
Train Loss: 0.00395275, Train R²: 0.998115, Val Loss: 0.97036254, Val R²: 0.543490
Epoch 45/300
Train Loss: 0.00311545, Train R²: 0.998515, Val Loss: 0.97275066, Val R²: 0.542367
Epoch 46/300
Train Loss: 0.00320176, Train R²: 0.998474, Val Loss: 0.97988003, Val R²: 0.539013
Epoch 47/300
Train Loss: 0.00316265, Train R²: 0.998492, Val Loss: 0.98419988, Val R²: 0.536980
Epoch 48/300
Train Loss: 0.00262218, Train R²: 0.998750, Val Loss: 0.97713023, Val R²: 0.540306
Epoch 00048: reducing learning rate of group 0 to 2.5000e-04.
Epoch 49/300
Train Loss: 0.00175906, Train R²: 0.999161, Val Loss: 0.97766882, Val R²: 0.540053
Epoch 50/300
Train Loss: 0.00161052, Train R²: 0.999232, Val Loss: 0.97491109, Val R²: 0.541350
Epoch 51/300
Train Loss: 0.00119945, Train R²: 0.999428, Val Loss: 0.97356904, Val R²: 0.541982
Epoch 52/300
Train Loss: 0.00100957, Train R²: 0.999519, Val Loss: 0.97117722, Val R²: 0.543107
Epoch 53/300
Train Loss: 0.00084663, Train R²: 0.999596, Val Loss: 0.97599685, Val R²: 0.540840
Epoch 54/300
Train Loss: 0.00082111, Train R²: 0.999609, Val Loss: 0.97342652, Val R²: 0.542049
Epoch 55/300
Train Loss: 0.00062503, Train R²: 0.999702, Val Loss: 0.97610486, Val R²: 0.540789
Epoch 56/300
Train Loss: 0.00050527, Train R²: 0.999759, Val Loss: 0.97586358, Val R²: 0.540902
Epoch 57/300
Train Loss: 0.00035542, Train R²: 0.999831, Val Loss: 0.97313261, Val R²: 0.542187
Epoch 58/300
Train Loss: 0.00037929, Train R²: 0.999819, Val Loss: 0.98083413, Val R²: 0.538564
Epoch 59/300
Train Loss: 0.00037322, Train R²: 0.999822, Val Loss: 0.97450846, Val R²: 0.541540
Epoch 00059: reducing learning rate of group 0 to 1.2500e-04.
Epoch 60/300
Train Loss: 0.00026724, Train R²: 0.999873, Val Loss: 0.97791380, Val R²: 0.539938
Epoch 61/300
Train Loss: 0.00029458, Train R²: 0.999860, Val Loss: 0.97687739, Val R²: 0.540425
Epoch 62/300
Train Loss: 0.00022640, Train R²: 0.999892, Val Loss: 0.97626221, Val R²: 0.540715
Epoch 63/300
Train Loss: 0.00017146, Train R²: 0.999918, Val Loss: 0.97763103, Val R²: 0.540071
Epoch 64/300
Train Loss: 0.00016102, Train R²: 0.999923, Val Loss: 0.97426605, Val R²: 0.541654
Epoch 65/300
Train Loss: 0.00013160, Train R²: 0.999937, Val Loss: 0.97302061, Val R²: 0.542240
Epoch 66/300
Train Loss: 0.00020845, Train R²: 0.999901, Val Loss: 0.97467405, Val R²: 0.541462
Epoch 67/300
Train Loss: 0.00013233, Train R²: 0.999937, Val Loss: 0.97671843, Val R²: 0.540500
Epoch 68/300
Train Loss: 0.00014614, Train R²: 0.999930, Val Loss: 0.97374570, Val R²: 0.541899
Epoch 69/300
Train Loss: 0.00016894, Train R²: 0.999919, Val Loss: 0.98093426, Val R²: 0.538517
Epoch 70/300
Train Loss: 0.00015664, Train R²: 0.999925, Val Loss: 0.97417754, Val R²: 0.541695
Epoch 00070: reducing learning rate of group 0 to 6.2500e-05.
Epoch 71/300
Train Loss: 0.00031458, Train R²: 0.999850, Val Loss: 0.97736830, Val R²: 0.540194
Epoch 72/300
Train Loss: 0.00016864, Train R²: 0.999920, Val Loss: 0.97651708, Val R²: 0.540595
Epoch 73/300
Train Loss: 0.00016995, Train R²: 0.999919, Val Loss: 0.97753352, Val R²: 0.540117
Epoch 74/300
Train Loss: 0.00011442, Train R²: 0.999945, Val Loss: 0.97452801, Val R²: 0.541531
Epoch 75/300
Train Loss: 0.00017466, Train R²: 0.999917, Val Loss: 0.97532994, Val R²: 0.541153
Epoch 76/300
Train Loss: 0.00010631, Train R²: 0.999949, Val Loss: 0.97569603, Val R²: 0.540981
Epoch 77/300
Train Loss: 0.00010086, Train R²: 0.999952, Val Loss: 0.98487914, Val R²: 0.536661
Epoch 78/300
Train Loss: 0.00009642, Train R²: 0.999954, Val Loss: 0.97444510, Val R²: 0.541570
Epoch 79/300
Train Loss: 0.00008185, Train R²: 0.999961, Val Loss: 0.98172420, Val R²: 0.538145
Epoch 80/300
Train Loss: 0.00026904, Train R²: 0.999872, Val Loss: 0.98153633, Val R²: 0.538233
Epoch 81/300
Train Loss: 0.00011695, Train R²: 0.999944, Val Loss: 0.98139435, Val R²: 0.538300
Epoch 00081: reducing learning rate of group 0 to 3.1250e-05.
Epoch 82/300
Train Loss: 0.00012799, Train R²: 0.999939, Val Loss: 0.97667158, Val R²: 0.540522
Epoch 83/300
Train Loss: 0.00009645, Train R²: 0.999954, Val Loss: 0.98161602, Val R²: 0.538196
Epoch 84/300
Train Loss: 0.00010216, Train R²: 0.999951, Val Loss: 0.97525877, Val R²: 0.541187
Epoch 85/300
Train Loss: 0.00011825, Train R²: 0.999944, Val Loss: 0.97537559, Val R²: 0.541132
Epoch 86/300
Train Loss: 0.00015296, Train R²: 0.999927, Val Loss: 0.97421813, Val R²: 0.541676
Epoch 87/300
Train Loss: 0.00006844, Train R²: 0.999967, Val Loss: 0.97531128, Val R²: 0.541162
Epoch 88/300
Train Loss: 0.00008895, Train R²: 0.999958, Val Loss: 0.97690290, Val R²: 0.540413
Epoch 89/300
Train Loss: 0.00018224, Train R²: 0.999913, Val Loss: 0.97712064, Val R²: 0.540311
Epoch 90/300
Train Loss: 0.00008068, Train R²: 0.999962, Val Loss: 0.97539508, Val R²: 0.541123
Epoch 91/300
Train Loss: 0.00016950, Train R²: 0.999919, Val Loss: 0.98162419, Val R²: 0.538192
Epoch 92/300
Train Loss: 0.00010236, Train R²: 0.999951, Val Loss: 0.97617370, Val R²: 0.540756
Epoch 00092: reducing learning rate of group 0 to 1.5625e-05.
Epoch 93/300
Train Loss: 0.00016618, Train R²: 0.999921, Val Loss: 0.97779280, Val R²: 0.539995
Epoch 94/300
Train Loss: 0.00016542, Train R²: 0.999921, Val Loss: 0.97791791, Val R²: 0.539936
Epoch 95/300
Train Loss: 0.00016006, Train R²: 0.999924, Val Loss: 0.97406644, Val R²: 0.541748
Epoch 96/300
Train Loss: 0.00014231, Train R²: 0.999932, Val Loss: 0.97580737, Val R²: 0.540929
Epoch 97/300
Train Loss: 0.00013105, Train R²: 0.999938, Val Loss: 0.97413814, Val R²: 0.541714
Epoch 98/300
Train Loss: 0.00013126, Train R²: 0.999937, Val Loss: 0.97682583, Val R²: 0.540450
Epoch 99/300
Train Loss: 0.00008775, Train R²: 0.999958, Val Loss: 0.97425246, Val R²: 0.541660
Epoch 100/300
Train Loss: 0.00013043, Train R²: 0.999938, Val Loss: 0.97795409, Val R²: 0.539919
Epoch 101/300
Train Loss: 0.00014007, Train R²: 0.999933, Val Loss: 0.97523499, Val R²: 0.541198
Epoch 102/300
Train Loss: 0.00008572, Train R²: 0.999959, Val Loss: 0.97436076, Val R²: 0.541609
Epoch 103/300
Train Loss: 0.00011862, Train R²: 0.999943, Val Loss: 0.97432888, Val R²: 0.541624
Epoch 00103: reducing learning rate of group 0 to 7.8125e-06.
Epoch 104/300
Train Loss: 0.00019645, Train R²: 0.999906, Val Loss: 0.97434998, Val R²: 0.541614
Epoch 105/300
Train Loss: 0.00011499, Train R²: 0.999945, Val Loss: 0.97543323, Val R²: 0.541105
Epoch 106/300
Train Loss: 0.00011095, Train R²: 0.999947, Val Loss: 0.97767711, Val R²: 0.540049
Epoch 107/300
Train Loss: 0.00011639, Train R²: 0.999945, Val Loss: 0.97782880, Val R²: 0.539978
Epoch 108/300
Train Loss: 0.00016292, Train R²: 0.999922, Val Loss: 0.97724277, Val R²: 0.540253
Epoch 109/300
Train Loss: 0.00012838, Train R²: 0.999939, Val Loss: 0.97765028, Val R²: 0.540062
Epoch 110/300
Train Loss: 0.00015680, Train R²: 0.999925, Val Loss: 0.97683150, Val R²: 0.540447
Epoch 111/300
Train Loss: 0.00009370, Train R²: 0.999955, Val Loss: 0.98335236, Val R²: 0.537379
Epoch 112/300
Train Loss: 0.00010008, Train R²: 0.999952, Val Loss: 0.97696960, Val R²: 0.540382
Epoch 113/300
Train Loss: 0.00007724, Train R²: 0.999963, Val Loss: 0.97699803, Val R²: 0.540369
Epoch 114/300
Train Loss: 0.00007285, Train R²: 0.999965, Val Loss: 0.97416008, Val R²: 0.541704
Epoch 00114: reducing learning rate of group 0 to 3.9063e-06.
Epoch 115/300
Train Loss: 0.00012380, Train R²: 0.999941, Val Loss: 0.98142135, Val R²: 0.538288
Epoch 116/300
Train Loss: 0.00010518, Train R²: 0.999950, Val Loss: 0.97676879, Val R²: 0.540476
Epoch 117/300
Train Loss: 0.00009107, Train R²: 0.999957, Val Loss: 0.98162794, Val R²: 0.538190
Epoch 118/300
Train Loss: 0.00009231, Train R²: 0.999956, Val Loss: 0.97470242, Val R²: 0.541449
Epoch 119/300
Train Loss: 0.00010279, Train R²: 0.999951, Val Loss: 0.97429442, Val R²: 0.541640
Epoch 120/300
Train Loss: 0.00013490, Train R²: 0.999936, Val Loss: 0.97508526, Val R²: 0.541268
Epoch 121/300
Train Loss: 0.00009797, Train R²: 0.999953, Val Loss: 0.98146164, Val R²: 0.538269
Epoch 122/300
Train Loss: 0.00011698, Train R²: 0.999944, Val Loss: 0.98141068, Val R²: 0.538293
Epoch 123/300
Train Loss: 0.00007353, Train R²: 0.999965, Val Loss: 0.97505170, Val R²: 0.541284
Epoch 124/300
Train Loss: 0.00014519, Train R²: 0.999931, Val Loss: 0.98017746, Val R²: 0.538873
Epoch 125/300
Train Loss: 0.00011571, Train R²: 0.999945, Val Loss: 0.98150533, Val R²: 0.538248
Epoch 00125: reducing learning rate of group 0 to 1.9531e-06.
Epoch 126/300
Train Loss: 0.00010296, Train R²: 0.999951, Val Loss: 0.97674114, Val R²: 0.540489
Epoch 127/300
Train Loss: 0.00007567, Train R²: 0.999964, Val Loss: 0.97716308, Val R²: 0.540291
Epoch 128/300
Train Loss: 0.00013570, Train R²: 0.999935, Val Loss: 0.97680491, Val R²: 0.540459
Epoch 129/300
Train Loss: 0.00010649, Train R²: 0.999949, Val Loss: 0.97680539, Val R²: 0.540459
Epoch 130/300
Train Loss: 0.00007397, Train R²: 0.999965, Val Loss: 0.97807562, Val R²: 0.539862
Epoch 131/300
Train Loss: 0.00010716, Train R²: 0.999949, Val Loss: 0.97417247, Val R²: 0.541698
Epoch 132/300
Train Loss: 0.00013734, Train R²: 0.999935, Val Loss: 0.97495860, Val R²: 0.541328
Epoch 133/300
Train Loss: 0.00007106, Train R²: 0.999966, Val Loss: 0.98155302, Val R²: 0.538226
Epoch 134/300
Train Loss: 0.00013855, Train R²: 0.999934, Val Loss: 0.97416335, Val R²: 0.541702
Epoch 135/300
Train Loss: 0.00015177, Train R²: 0.999928, Val Loss: 0.97767484, Val R²: 0.540050
Epoch 136/300
Train Loss: 0.00013515, Train R²: 0.999936, Val Loss: 0.98148662, Val R²: 0.538257
Epoch 00136: reducing learning rate of group 0 to 9.7656e-07.
Epoch 137/300
Train Loss: 0.00008355, Train R²: 0.999960, Val Loss: 0.97578979, Val R²: 0.540937
Epoch 138/300
Train Loss: 0.00012485, Train R²: 0.999940, Val Loss: 0.97415030, Val R²: 0.541708
Epoch 139/300
Train Loss: 0.00009801, Train R²: 0.999953, Val Loss: 0.98265791, Val R²: 0.537706
Epoch 140/300
Train Loss: 0.00016502, Train R²: 0.999921, Val Loss: 0.98014319, Val R²: 0.538889
Epoch 141/300
Train Loss: 0.00009570, Train R²: 0.999954, Val Loss: 0.97529989, Val R²: 0.541167
Epoch 142/300
Train Loss: 0.00007675, Train R²: 0.999963, Val Loss: 0.98292857, Val R²: 0.537578
Epoch 143/300
Train Loss: 0.00011875, Train R²: 0.999943, Val Loss: 0.98149216, Val R²: 0.538254
Epoch 144/300
Train Loss: 0.00009481, Train R²: 0.999955, Val Loss: 0.98155469, Val R²: 0.538225
Epoch 145/300
Train Loss: 0.00007401, Train R²: 0.999965, Val Loss: 0.97394973, Val R²: 0.541803
Epoch 146/300
Train Loss: 0.00006305, Train R²: 0.999970, Val Loss: 0.97794002, Val R²: 0.539925
Epoch 147/300
Train Loss: 0.00018046, Train R²: 0.999914, Val Loss: 0.97512335, Val R²: 0.541250
Epoch 00147: reducing learning rate of group 0 to 4.8828e-07.
Epoch 148/300
Train Loss: 0.00007487, Train R²: 0.999964, Val Loss: 0.98144215, Val R²: 0.538278
Epoch 149/300
Train Loss: 0.00009409, Train R²: 0.999955, Val Loss: 0.98405910, Val R²: 0.537047
Epoch 150/300
Train Loss: 0.00008795, Train R²: 0.999958, Val Loss: 0.97506374, Val R²: 0.541278
Epoch 151/300
Train Loss: 0.00008807, Train R²: 0.999958, Val Loss: 0.97714615, Val R²: 0.540299
Epoch 152/300
Train Loss: 0.00008742, Train R²: 0.999958, Val Loss: 0.97531796, Val R²: 0.541159
Epoch 153/300
Train Loss: 0.00006423, Train R²: 0.999969, Val Loss: 0.97485024, Val R²: 0.541379
Epoch 154/300
Train Loss: 0.00010892, Train R²: 0.999948, Val Loss: 0.98021960, Val R²: 0.538853
Epoch 155/300
Train Loss: 0.00006223, Train R²: 0.999970, Val Loss: 0.97678602, Val R²: 0.540468
Epoch 156/300
Train Loss: 0.00009376, Train R²: 0.999955, Val Loss: 0.97528273, Val R²: 0.541175
Epoch 157/300
Train Loss: 0.00013992, Train R²: 0.999933, Val Loss: 0.97679061, Val R²: 0.540466
Epoch 158/300
Train Loss: 0.00006122, Train R²: 0.999971, Val Loss: 0.97449768, Val R²: 0.541545
Epoch 00158: reducing learning rate of group 0 to 2.4414e-07.
Epoch 159/300
Train Loss: 0.00008334, Train R²: 0.999960, Val Loss: 0.97679299, Val R²: 0.540465
Epoch 160/300
Train Loss: 0.00014069, Train R²: 0.999933, Val Loss: 0.97417539, Val R²: 0.541696
Epoch 161/300
Train Loss: 0.00012942, Train R²: 0.999938, Val Loss: 0.98049361, Val R²: 0.538724
Epoch 162/300
Train Loss: 0.00013236, Train R²: 0.999937, Val Loss: 0.98166728, Val R²: 0.538172
Epoch 163/300
Train Loss: 0.00011774, Train R²: 0.999944, Val Loss: 0.98144782, Val R²: 0.538275
Epoch 164/300
Train Loss: 0.00015374, Train R²: 0.999927, Val Loss: 0.97683442, Val R²: 0.540445
Epoch 165/300
Train Loss: 0.00013478, Train R²: 0.999936, Val Loss: 0.97715360, Val R²: 0.540295
Epoch 166/300
Train Loss: 0.00009723, Train R²: 0.999954, Val Loss: 0.97532576, Val R²: 0.541155
Epoch 167/300
Train Loss: 0.00017231, Train R²: 0.999918, Val Loss: 0.98428553, Val R²: 0.536940
Epoch 168/300
Train Loss: 0.00010049, Train R²: 0.999952, Val Loss: 0.97526866, Val R²: 0.541182
Epoch 169/300
Train Loss: 0.00006637, Train R²: 0.999968, Val Loss: 0.97758389, Val R²: 0.540093
Epoch 00169: reducing learning rate of group 0 to 1.2207e-07.
Epoch 170/300
Train Loss: 0.00008640, Train R²: 0.999959, Val Loss: 0.97548795, Val R²: 0.541079
Epoch 171/300
Train Loss: 0.00007050, Train R²: 0.999966, Val Loss: 0.97437727, Val R²: 0.541601
Epoch 172/300
Train Loss: 0.00014871, Train R²: 0.999929, Val Loss: 0.97548795, Val R²: 0.541079
Epoch 173/300
Train Loss: 0.00010707, Train R²: 0.999949, Val Loss: 0.98156369, Val R²: 0.538221
Epoch 174/300
Train Loss: 0.00015620, Train R²: 0.999926, Val Loss: 0.98460883, Val R²: 0.536788
Epoch 175/300
Train Loss: 0.00010511, Train R²: 0.999950, Val Loss: 0.98406643, Val R²: 0.537043
Epoch 176/300
Train Loss: 0.00013009, Train R²: 0.999938, Val Loss: 0.97417659, Val R²: 0.541696
Epoch 177/300
Train Loss: 0.00010065, Train R²: 0.999952, Val Loss: 0.97679454, Val R²: 0.540464
Epoch 178/300
Train Loss: 0.00009447, Train R²: 0.999955, Val Loss: 0.97417659, Val R²: 0.541696
Epoch 179/300
Train Loss: 0.00016249, Train R²: 0.999923, Val Loss: 0.97441465, Val R²: 0.541584
Epoch 180/300
Train Loss: 0.00014365, Train R²: 0.999932, Val Loss: 0.97417659, Val R²: 0.541696
Epoch 00180: reducing learning rate of group 0 to 6.1035e-08.
Epoch 181/300
Train Loss: 0.00007701, Train R²: 0.999963, Val Loss: 0.97512859, Val R²: 0.541248
Epoch 182/300
Train Loss: 0.00009434, Train R²: 0.999955, Val Loss: 0.98422873, Val R²: 0.536967
Epoch 183/300
Train Loss: 0.00011191, Train R²: 0.999947, Val Loss: 0.98278946, Val R²: 0.537644
Epoch 184/300
Train Loss: 0.00008346, Train R²: 0.999960, Val Loss: 0.97421741, Val R²: 0.541677
Epoch 185/300
Train Loss: 0.00014336, Train R²: 0.999932, Val Loss: 0.97417694, Val R²: 0.541696
Epoch 186/300
Train Loss: 0.00008275, Train R²: 0.999961, Val Loss: 0.97807014, Val R²: 0.539864
Epoch 187/300
Train Loss: 0.00008222, Train R²: 0.999961, Val Loss: 0.98406690, Val R²: 0.537043
Epoch 188/300
Train Loss: 0.00009460, Train R²: 0.999955, Val Loss: 0.97695720, Val R²: 0.540388
Epoch 189/300
Train Loss: 0.00017874, Train R²: 0.999915, Val Loss: 0.97512937, Val R²: 0.541248
Epoch 190/300
Train Loss: 0.00022056, Train R²: 0.999895, Val Loss: 0.98161137, Val R²: 0.538198
Epoch 191/300
Train Loss: 0.00007357, Train R²: 0.999965, Val Loss: 0.97543162, Val R²: 0.541105
Epoch 00191: reducing learning rate of group 0 to 3.0518e-08.
Epoch 192/300
Train Loss: 0.00005813, Train R²: 0.999972, Val Loss: 0.97306079, Val R²: 0.542221
Epoch 193/300
Train Loss: 0.00013085, Train R²: 0.999938, Val Loss: 0.97453678, Val R²: 0.541526
Epoch 194/300
Train Loss: 0.00008855, Train R²: 0.999958, Val Loss: 0.97774714, Val R²: 0.540016
Epoch 195/300
Train Loss: 0.00012109, Train R²: 0.999942, Val Loss: 0.97496688, Val R²: 0.541324
Epoch 196/300
Train Loss: 0.00005889, Train R²: 0.999972, Val Loss: 0.97512925, Val R²: 0.541248
Epoch 197/300
Train Loss: 0.00008637, Train R²: 0.999959, Val Loss: 0.97758484, Val R²: 0.540092
Epoch 198/300
Train Loss: 0.00009039, Train R²: 0.999957, Val Loss: 0.97683543, Val R²: 0.540445
Epoch 199/300
Train Loss: 0.00007792, Train R²: 0.999963, Val Loss: 0.98166865, Val R²: 0.538171
Epoch 200/300
Train Loss: 0.00008322, Train R²: 0.999960, Val Loss: 0.97447950, Val R²: 0.541553
Epoch 201/300
Train Loss: 0.00011824, Train R²: 0.999944, Val Loss: 0.98422909, Val R²: 0.536967
Epoch 202/300
Train Loss: 0.00011644, Train R²: 0.999944, Val Loss: 0.97453672, Val R²: 0.541526
Epoch 00202: reducing learning rate of group 0 to 1.5259e-08.
Epoch 203/300
Train Loss: 0.00010422, Train R²: 0.999950, Val Loss: 0.97774714, Val R²: 0.540016
Epoch 204/300
Train Loss: 0.00006422, Train R²: 0.999969, Val Loss: 0.97758484, Val R²: 0.540092
Epoch 205/300
Train Loss: 0.00010489, Train R²: 0.999950, Val Loss: 0.97352749, Val R²: 0.542001
Epoch 206/300
Train Loss: 0.00008928, Train R²: 0.999957, Val Loss: 0.97900373, Val R²: 0.539425
Epoch 207/300
Train Loss: 0.00007844, Train R²: 0.999963, Val Loss: 0.98144895, Val R²: 0.538275
Epoch 208/300
Train Loss: 0.00009653, Train R²: 0.999954, Val Loss: 0.98438978, Val R²: 0.536891
Epoch 209/300
Train Loss: 0.00012293, Train R²: 0.999941, Val Loss: 0.98166835, Val R²: 0.538171
Epoch 210/300
Train Loss: 0.00013488, Train R²: 0.999936, Val Loss: 0.97581184, Val R²: 0.540927
Epoch 211/300
Train Loss: 0.00012632, Train R²: 0.999940, Val Loss: 0.98150617, Val R²: 0.538248
Epoch 212/300
Train Loss: 0.00020357, Train R²: 0.999903, Val Loss: 0.97496670, Val R²: 0.541324
Epoch 213/300
Train Loss: 0.00010832, Train R²: 0.999948, Val Loss: 0.97774696, Val R²: 0.540016
Epoch 214/300
Train Loss: 0.00011942, Train R²: 0.999943, Val Loss: 0.97417694, Val R²: 0.541696
Epoch 215/300
Train Loss: 0.00008076, Train R²: 0.999961, Val Loss: 0.98460937, Val R²: 0.536788
Epoch 216/300
Train Loss: 0.00009658, Train R²: 0.999954, Val Loss: 0.97449994, Val R²: 0.541544
Epoch 217/300
Train Loss: 0.00011472, Train R²: 0.999945, Val Loss: 0.97358829, Val R²: 0.541973
Epoch 218/300
Train Loss: 0.00010374, Train R²: 0.999951, Val Loss: 0.98422903, Val R²: 0.536967
Epoch 219/300
Train Loss: 0.00016469, Train R²: 0.999921, Val Loss: 0.97447938, Val R²: 0.541553
Epoch 220/300
Train Loss: 0.00011580, Train R²: 0.999945, Val Loss: 0.97507167, Val R²: 0.541275
Epoch 221/300
Train Loss: 0.00008306, Train R²: 0.999960, Val Loss: 0.98422909, Val R²: 0.536967
Epoch 222/300
Train Loss: 0.00011994, Train R²: 0.999943, Val Loss: 0.97417694, Val R²: 0.541696
Epoch 223/300
Train Loss: 0.00018444, Train R²: 0.999912, Val Loss: 0.97894639, Val R²: 0.539452
Epoch 224/300
Train Loss: 0.00009344, Train R²: 0.999955, Val Loss: 0.97774708, Val R²: 0.540016
Epoch 225/300
Train Loss: 0.00009797, Train R²: 0.999953, Val Loss: 0.97582597, Val R²: 0.540920
Epoch 226/300
Train Loss: 0.00006049, Train R²: 0.999971, Val Loss: 0.97417694, Val R²: 0.541696
Epoch 227/300
Train Loss: 0.00009386, Train R²: 0.999955, Val Loss: 0.98055220, Val R²: 0.538696
Epoch 228/300
Train Loss: 0.00006240, Train R²: 0.999970, Val Loss: 0.97496688, Val R²: 0.541324
Epoch 229/300
Train Loss: 0.00011354, Train R²: 0.999946, Val Loss: 0.97460490, Val R²: 0.541494
Epoch 230/300
Train Loss: 0.00009863, Train R²: 0.999953, Val Loss: 0.98144895, Val R²: 0.538275
Epoch 231/300
Train Loss: 0.00009788, Train R²: 0.999953, Val Loss: 0.97512907, Val R²: 0.541248
Epoch 232/300
Train Loss: 0.00019035, Train R²: 0.999909, Val Loss: 0.97543156, Val R²: 0.541105
Epoch 233/300
Train Loss: 0.00006113, Train R²: 0.999971, Val Loss: 0.97679490, Val R²: 0.540464
Epoch 234/300
Train Loss: 0.00010839, Train R²: 0.999948, Val Loss: 0.97512907, Val R²: 0.541248
Epoch 235/300
Train Loss: 0.00012914, Train R²: 0.999938, Val Loss: 0.97385067, Val R²: 0.541849
Epoch 236/300
Train Loss: 0.00017931, Train R²: 0.999915, Val Loss: 0.97758484, Val R²: 0.540092
Epoch 237/300
Train Loss: 0.00012072, Train R²: 0.999942, Val Loss: 0.97417694, Val R²: 0.541696
Epoch 238/300
Train Loss: 0.00010124, Train R²: 0.999952, Val Loss: 0.97496688, Val R²: 0.541324
Epoch 239/300
Train Loss: 0.00013496, Train R²: 0.999936, Val Loss: 0.97529006, Val R²: 0.541172
Epoch 240/300
Train Loss: 0.00010384, Train R²: 0.999950, Val Loss: 0.97417706, Val R²: 0.541696
Epoch 241/300
Train Loss: 0.00007650, Train R²: 0.999964, Val Loss: 0.97679490, Val R²: 0.540464
Epoch 242/300
Train Loss: 0.00006280, Train R²: 0.999970, Val Loss: 0.98161113, Val R²: 0.538198
Epoch 243/300
Train Loss: 0.00008074, Train R²: 0.999962, Val Loss: 0.97679490, Val R²: 0.540464
Epoch 244/300
Train Loss: 0.00010734, Train R²: 0.999949, Val Loss: 0.97810674, Val R²: 0.539847
Epoch 245/300
Train Loss: 0.00007670, Train R²: 0.999963, Val Loss: 0.97715461, Val R²: 0.540295
Epoch 246/300
Train Loss: 0.00013028, Train R²: 0.999938, Val Loss: 0.97758472, Val R²: 0.540092
Epoch 247/300
Train Loss: 0.00010001, Train R²: 0.999952, Val Loss: 0.98460937, Val R²: 0.536788
Epoch 248/300
Train Loss: 0.00006410, Train R²: 0.999969, Val Loss: 0.98422909, Val R²: 0.536967
Epoch 249/300
Train Loss: 0.00015098, Train R²: 0.999928, Val Loss: 0.97433919, Val R²: 0.541619
Epoch 250/300
Train Loss: 0.00008390, Train R²: 0.999960, Val Loss: 0.97614545, Val R²: 0.540770
Epoch 251/300
Train Loss: 0.00012863, Train R²: 0.999939, Val Loss: 0.97543150, Val R²: 0.541106
Epoch 252/300
Train Loss: 0.00008899, Train R²: 0.999958, Val Loss: 0.97293890, Val R²: 0.542278
Epoch 253/300
Train Loss: 0.00016838, Train R²: 0.999920, Val Loss: 0.97543156, Val R²: 0.541105
Epoch 254/300
Train Loss: 0.00008689, Train R²: 0.999959, Val Loss: 0.97679490, Val R²: 0.540464
Epoch 255/300
Train Loss: 0.00017338, Train R²: 0.999917, Val Loss: 0.97457707, Val R²: 0.541507
Epoch 256/300
Train Loss: 0.00007162, Train R²: 0.999966, Val Loss: 0.97485960, Val R²: 0.541375
Epoch 257/300
Train Loss: 0.00008832, Train R²: 0.999958, Val Loss: 0.97683531, Val R²: 0.540445
Epoch 258/300
Train Loss: 0.00010102, Train R²: 0.999952, Val Loss: 0.97758472, Val R²: 0.540093
Epoch 259/300
Train Loss: 0.00009019, Train R²: 0.999957, Val Loss: 0.97758466, Val R²: 0.540093
Epoch 260/300
Train Loss: 0.00009469, Train R²: 0.999955, Val Loss: 0.97496676, Val R²: 0.541324
Epoch 261/300
Train Loss: 0.00009071, Train R²: 0.999957, Val Loss: 0.97453672, Val R²: 0.541526
Epoch 262/300
Train Loss: 0.00012278, Train R²: 0.999941, Val Loss: 0.97679478, Val R²: 0.540464
Epoch 263/300
Train Loss: 0.00010035, Train R²: 0.999952, Val Loss: 0.97342753, Val R²: 0.542048
Epoch 264/300
Train Loss: 0.00006856, Train R²: 0.999967, Val Loss: 0.98150623, Val R²: 0.538248
Epoch 265/300
Train Loss: 0.00006276, Train R²: 0.999970, Val Loss: 0.97625035, Val R²: 0.540720
Epoch 266/300
Train Loss: 0.00009954, Train R²: 0.999953, Val Loss: 0.97774702, Val R²: 0.540016
Epoch 267/300
Train Loss: 0.00010570, Train R²: 0.999950, Val Loss: 0.98161113, Val R²: 0.538198
Epoch 268/300
Train Loss: 0.00006635, Train R²: 0.999968, Val Loss: 0.97352749, Val R²: 0.542001
Epoch 269/300
Train Loss: 0.00006002, Train R²: 0.999971, Val Loss: 0.98166835, Val R²: 0.538171
Epoch 270/300
Train Loss: 0.00009046, Train R²: 0.999957, Val Loss: 0.98006696, Val R²: 0.538925
Epoch 271/300
Train Loss: 0.00013607, Train R²: 0.999935, Val Loss: 0.98161113, Val R²: 0.538198
Epoch 272/300
Train Loss: 0.00006899, Train R²: 0.999967, Val Loss: 0.98284709, Val R²: 0.537617
Epoch 273/300
Train Loss: 0.00010558, Train R²: 0.999950, Val Loss: 0.98012495, Val R²: 0.538897
Epoch 274/300
Train Loss: 0.00007287, Train R²: 0.999965, Val Loss: 0.97709721, Val R²: 0.540322
Epoch 275/300
Train Loss: 0.00010031, Train R²: 0.999952, Val Loss: 0.98166835, Val R²: 0.538171
Epoch 276/300
Train Loss: 0.00007459, Train R²: 0.999964, Val Loss: 0.97679490, Val R²: 0.540464
Epoch 277/300
Train Loss: 0.00013881, Train R²: 0.999934, Val Loss: 0.97804928, Val R²: 0.539874
Epoch 278/300
Train Loss: 0.00008990, Train R²: 0.999957, Val Loss: 0.97496688, Val R²: 0.541324
Epoch 279/300
Train Loss: 0.00010270, Train R²: 0.999951, Val Loss: 0.97806996, Val R²: 0.539864
Epoch 280/300
Train Loss: 0.00006527, Train R²: 0.999969, Val Loss: 0.97900367, Val R²: 0.539425
Epoch 281/300
Train Loss: 0.00017003, Train R²: 0.999919, Val Loss: 0.97766936, Val R²: 0.540053
Epoch 282/300
Train Loss: 0.00008999, Train R²: 0.999957, Val Loss: 0.97417694, Val R²: 0.541696
Epoch 283/300
Train Loss: 0.00010141, Train R²: 0.999952, Val Loss: 0.97496688, Val R²: 0.541324
Epoch 284/300
Train Loss: 0.00017107, Train R²: 0.999918, Val Loss: 0.98412412, Val R²: 0.537016
Epoch 285/300
Train Loss: 0.00009817, Train R²: 0.999953, Val Loss: 0.97679478, Val R²: 0.540464
Epoch 286/300
Train Loss: 0.00006836, Train R²: 0.999967, Val Loss: 0.97679478, Val R²: 0.540464
Epoch 287/300
Train Loss: 0.00009151, Train R²: 0.999956, Val Loss: 0.98166847, Val R²: 0.538171
Epoch 288/300
Train Loss: 0.00006288, Train R²: 0.999970, Val Loss: 0.97496676, Val R²: 0.541324
Epoch 289/300
Train Loss: 0.00008774, Train R²: 0.999958, Val Loss: 0.97496688, Val R²: 0.541324
Epoch 290/300
Train Loss: 0.00012513, Train R²: 0.999940, Val Loss: 0.97679472, Val R²: 0.540464
Epoch 291/300
Train Loss: 0.00014353, Train R²: 0.999932, Val Loss: 0.97447938, Val R²: 0.541553
Epoch 292/300
Train Loss: 0.00009586, Train R²: 0.999954, Val Loss: 0.97417694, Val R²: 0.541696
Epoch 293/300
Train Loss: 0.00011159, Train R²: 0.999947, Val Loss: 0.98144889, Val R²: 0.538275
Epoch 294/300
Train Loss: 0.00018778, Train R²: 0.999910, Val Loss: 0.97774702, Val R²: 0.540016
Epoch 295/300
Train Loss: 0.00012928, Train R²: 0.999938, Val Loss: 0.97363251, Val R²: 0.541952
Epoch 296/300
Train Loss: 0.00009770, Train R²: 0.999953, Val Loss: 0.97447938, Val R²: 0.541553
Epoch 297/300
Train Loss: 0.00009582, Train R²: 0.999954, Val Loss: 0.97417700, Val R²: 0.541696
Epoch 298/300
Train Loss: 0.00016532, Train R²: 0.999921, Val Loss: 0.98422909, Val R²: 0.536967
Epoch 299/300
Train Loss: 0.00011084, Train R²: 0.999947, Val Loss: 0.97417700, Val R²: 0.541696
Epoch 300/300
Train Loss: 0.00018925, Train R²: 0.999910, Val Loss: 0.98150617, Val R²: 0.538248
Training Complete. Best Val Loss: 0.9617648124694824
训练时间: 611.07 秒
