Using device: cuda
Total samples: 100000, Training: 80000, Validation: 20000
Total trainable parameters: 4577537
Epoch 1/1000
Train Loss: 0.004616, Train R²: -8.1994, Val Loss: 0.000274, Val R²: 0.4580
Saved Best Model with Val Loss: 0.000274
Epoch 2/1000
Train Loss: 0.000242, Train R²: 0.5183, Val Loss: 0.000203, Val R²: 0.5979
Saved Best Model with Val Loss: 0.000203
Epoch 3/1000
Train Loss: 0.000193, Train R²: 0.6152, Val Loss: 0.000163, Val R²: 0.6770
Saved Best Model with Val Loss: 0.000163
Epoch 4/1000
Train Loss: 0.000150, Train R²: 0.7003, Val Loss: 0.000155, Val R²: 0.6939
Saved Best Model with Val Loss: 0.000155
Epoch 5/1000
Train Loss: 0.000127, Train R²: 0.7467, Val Loss: 0.000168, Val R²: 0.6672
Epoch 6/1000
Train Loss: 0.000122, Train R²: 0.7578, Val Loss: 0.000153, Val R²: 0.6976
Saved Best Model with Val Loss: 0.000153
Epoch 7/1000
Train Loss: 0.000107, Train R²: 0.7872, Val Loss: 0.000106, Val R²: 0.7901
Saved Best Model with Val Loss: 0.000106
Epoch 8/1000
Train Loss: 0.000091, Train R²: 0.8186, Val Loss: 0.000120, Val R²: 0.7637
Epoch 9/1000
Train Loss: 0.000085, Train R²: 0.8314, Val Loss: 0.000093, Val R²: 0.8168
Saved Best Model with Val Loss: 0.000093
Epoch 10/1000
Train Loss: 0.000075, Train R²: 0.8504, Val Loss: 0.000089, Val R²: 0.8234
Saved Best Model with Val Loss: 0.000089
Epoch 11/1000
Train Loss: 0.000062, Train R²: 0.8762, Val Loss: 0.000078, Val R²: 0.8468
Saved Best Model with Val Loss: 0.000078
Epoch 12/1000
Train Loss: 0.000058, Train R²: 0.8851, Val Loss: 0.000108, Val R²: 0.7870
Epoch 13/1000
Train Loss: 0.000072, Train R²: 0.8570, Val Loss: 0.000073, Val R²: 0.8565
Saved Best Model with Val Loss: 0.000073
Epoch 14/1000
Train Loss: 0.000057, Train R²: 0.8870, Val Loss: 0.000094, Val R²: 0.8139
Epoch 15/1000
Train Loss: 0.000048, Train R²: 0.9040, Val Loss: 0.000068, Val R²: 0.8664
Saved Best Model with Val Loss: 0.000068
Epoch 16/1000
Train Loss: 0.000042, Train R²: 0.9167, Val Loss: 0.000061, Val R²: 0.8793
Saved Best Model with Val Loss: 0.000061
Epoch 17/1000
Train Loss: 0.000043, Train R²: 0.9138, Val Loss: 0.000073, Val R²: 0.8555
Epoch 18/1000
Train Loss: 0.024491, Train R²: -47.8081, Val Loss: 0.000574, Val R²: -0.1348
Epoch 19/1000
Train Loss: 0.000521, Train R²: -0.0389, Val Loss: 0.000508, Val R²: -0.0035
Epoch 20/1000
Train Loss: 0.000506, Train R²: -0.0077, Val Loss: 0.000504, Val R²: 0.0030
Epoch 21/1000
Train Loss: 0.000499, Train R²: 0.0064, Val Loss: 0.000526, Val R²: -0.0399
Epoch 22/1000
Train Loss: 0.000493, Train R²: 0.0178, Val Loss: 0.000487, Val R²: 0.0376
Epoch 23/1000
Train Loss: 0.000484, Train R²: 0.0359, Val Loss: 0.000561, Val R²: -0.1078
Epoch 24/1000
Train Loss: 0.000483, Train R²: 0.0367, Val Loss: 0.000469, Val R²: 0.0729
Epoch 25/1000
Train Loss: 0.000462, Train R²: 0.0792, Val Loss: 0.000453, Val R²: 0.1055
Epoch 26/1000
Train Loss: 0.000442, Train R²: 0.1193, Val Loss: 0.000427, Val R²: 0.1558
Epoch 27/1000
Train Loss: 0.000420, Train R²: 0.1626, Val Loss: 0.000412, Val R²: 0.1850
Epoch 00027: reducing learning rate of group 0 to 5.0000e-04.
Epoch 28/1000
Train Loss: 0.000398, Train R²: 0.2062, Val Loss: 0.000396, Val R²: 0.2167
Epoch 29/1000
Train Loss: 0.000387, Train R²: 0.2291, Val Loss: 0.000424, Val R²: 0.1613
Epoch 30/1000
Train Loss: 0.000381, Train R²: 0.2407, Val Loss: 0.000375, Val R²: 0.2589
Epoch 31/1000
Train Loss: 0.000369, Train R²: 0.2653, Val Loss: 0.000355, Val R²: 0.2992
Epoch 32/1000
Train Loss: 0.000357, Train R²: 0.2890, Val Loss: 0.000361, Val R²: 0.2874
Epoch 33/1000
Train Loss: 0.000337, Train R²: 0.3290, Val Loss: 0.000325, Val R²: 0.3581
Epoch 34/1000
Train Loss: 0.000334, Train R²: 0.3342, Val Loss: 0.000311, Val R²: 0.3848
Epoch 35/1000
Train Loss: 0.000308, Train R²: 0.3866, Val Loss: 0.000311, Val R²: 0.3856
Epoch 36/1000
Train Loss: 0.000303, Train R²: 0.3967, Val Loss: 0.000285, Val R²: 0.4364
Epoch 37/1000
Train Loss: 0.000284, Train R²: 0.4335, Val Loss: 0.000382, Val R²: 0.2444
Epoch 38/1000
Train Loss: 0.000275, Train R²: 0.4511, Val Loss: 0.000270, Val R²: 0.4672
Epoch 00038: reducing learning rate of group 0 to 2.5000e-04.
Epoch 39/1000
Train Loss: 0.000260, Train R²: 0.4819, Val Loss: 0.000263, Val R²: 0.4806
Epoch 40/1000
Train Loss: 0.000255, Train R²: 0.4919, Val Loss: 0.000278, Val R²: 0.4502
Epoch 41/1000
Train Loss: 0.000249, Train R²: 0.5031, Val Loss: 0.000260, Val R²: 0.4867
Epoch 42/1000
Train Loss: 0.000243, Train R²: 0.5149, Val Loss: 0.000237, Val R²: 0.5307
Epoch 43/1000
Train Loss: 0.000233, Train R²: 0.5356, Val Loss: 0.000232, Val R²: 0.5410
Epoch 44/1000
Train Loss: 0.000235, Train R²: 0.5324, Val Loss: 0.000233, Val R²: 0.5389
Epoch 45/1000
Train Loss: 0.000230, Train R²: 0.5422, Val Loss: 0.000226, Val R²: 0.5538
Epoch 46/1000
Train Loss: 0.000222, Train R²: 0.5570, Val Loss: 0.000222, Val R²: 0.5614
Epoch 47/1000
Train Loss: 0.000219, Train R²: 0.5642, Val Loss: 0.000257, Val R²: 0.4924
Epoch 48/1000
Train Loss: 0.000212, Train R²: 0.5766, Val Loss: 0.000226, Val R²: 0.5525
Epoch 49/1000
Train Loss: 0.000207, Train R²: 0.5871, Val Loss: 0.000205, Val R²: 0.5946
Epoch 00049: reducing learning rate of group 0 to 1.2500e-04.
Epoch 50/1000
Train Loss: 0.000198, Train R²: 0.6059, Val Loss: 0.000207, Val R²: 0.5907
Epoch 51/1000
Train Loss: 0.000196, Train R²: 0.6090, Val Loss: 0.000199, Val R²: 0.6062
Epoch 52/1000
Train Loss: 0.000193, Train R²: 0.6157, Val Loss: 0.000198, Val R²: 0.6079
Epoch 53/1000
Train Loss: 0.000191, Train R²: 0.6193, Val Loss: 0.000197, Val R²: 0.6113
Epoch 54/1000
Train Loss: 0.000188, Train R²: 0.6251, Val Loss: 0.000193, Val R²: 0.6177
Epoch 55/1000
Train Loss: 0.000191, Train R²: 0.6200, Val Loss: 0.000193, Val R²: 0.6181
Epoch 56/1000
Train Loss: 0.000187, Train R²: 0.6271, Val Loss: 0.000197, Val R²: 0.6109
Epoch 57/1000
Train Loss: 0.000183, Train R²: 0.6345, Val Loss: 0.000200, Val R²: 0.6052
Epoch 58/1000
Train Loss: 0.000183, Train R²: 0.6350, Val Loss: 0.000186, Val R²: 0.6332
Epoch 59/1000
Train Loss: 0.000183, Train R²: 0.6346, Val Loss: 0.000184, Val R²: 0.6357
Epoch 60/1000
Train Loss: 0.000176, Train R²: 0.6491, Val Loss: 0.000187, Val R²: 0.6309
Epoch 00060: reducing learning rate of group 0 to 6.2500e-05.
Epoch 61/1000
Train Loss: 0.000172, Train R²: 0.6568, Val Loss: 0.000179, Val R²: 0.6455
Epoch 62/1000
Train Loss: 0.000171, Train R²: 0.6590, Val Loss: 0.000178, Val R²: 0.6476
Epoch 63/1000
Train Loss: 0.000169, Train R²: 0.6625, Val Loss: 0.000180, Val R²: 0.6446
Epoch 64/1000
Train Loss: 0.000169, Train R²: 0.6640, Val Loss: 0.000177, Val R²: 0.6495
Epoch 65/1000
Train Loss: 0.000168, Train R²: 0.6661, Val Loss: 0.000185, Val R²: 0.6335
Epoch 66/1000
Train Loss: 0.000166, Train R²: 0.6690, Val Loss: 0.000175, Val R²: 0.6544
Epoch 67/1000
Train Loss: 0.000165, Train R²: 0.6716, Val Loss: 0.000174, Val R²: 0.6557
Epoch 68/1000
Train Loss: 0.000165, Train R²: 0.6707, Val Loss: 0.000178, Val R²: 0.6490
Epoch 69/1000
Train Loss: 0.000163, Train R²: 0.6744, Val Loss: 0.000172, Val R²: 0.6595
Epoch 70/1000
Train Loss: 0.000164, Train R²: 0.6735, Val Loss: 0.000171, Val R²: 0.6618
Epoch 71/1000
Train Loss: 0.000162, Train R²: 0.6780, Val Loss: 0.000172, Val R²: 0.6600
Epoch 00071: reducing learning rate of group 0 to 3.1250e-05.
Epoch 72/1000
Train Loss: 0.000157, Train R²: 0.6864, Val Loss: 0.000168, Val R²: 0.6673
Epoch 73/1000
Train Loss: 0.000157, Train R²: 0.6873, Val Loss: 0.000169, Val R²: 0.6664
Epoch 74/1000
Train Loss: 0.000157, Train R²: 0.6879, Val Loss: 0.000171, Val R²: 0.6624
Epoch 75/1000
Train Loss: 0.000156, Train R²: 0.6891, Val Loss: 0.000168, Val R²: 0.6686
Epoch 76/1000
Train Loss: 0.000156, Train R²: 0.6893, Val Loss: 0.000174, Val R²: 0.6558
Epoch 77/1000
Train Loss: 0.000155, Train R²: 0.6910, Val Loss: 0.000169, Val R²: 0.6653
Epoch 78/1000
Train Loss: 0.000155, Train R²: 0.6920, Val Loss: 0.000167, Val R²: 0.6701
Epoch 79/1000
Train Loss: 0.000154, Train R²: 0.6925, Val Loss: 0.000165, Val R²: 0.6741
Epoch 80/1000
Train Loss: 0.000153, Train R²: 0.6956, Val Loss: 0.000165, Val R²: 0.6731
Epoch 81/1000
Train Loss: 0.000152, Train R²: 0.6969, Val Loss: 0.000164, Val R²: 0.6762
Epoch 82/1000
Train Loss: 0.000151, Train R²: 0.6982, Val Loss: 0.000163, Val R²: 0.6787
Epoch 00082: reducing learning rate of group 0 to 1.5625e-05.
Epoch 83/1000
Train Loss: 0.000149, Train R²: 0.7030, Val Loss: 0.000162, Val R²: 0.6802
Epoch 84/1000
Train Loss: 0.000149, Train R²: 0.7035, Val Loss: 0.000162, Val R²: 0.6807
Epoch 85/1000
Train Loss: 0.000149, Train R²: 0.7040, Val Loss: 0.000165, Val R²: 0.6735
Epoch 86/1000
Train Loss: 0.000148, Train R²: 0.7051, Val Loss: 0.000161, Val R²: 0.6815
Epoch 87/1000
Train Loss: 0.000148, Train R²: 0.7051, Val Loss: 0.000163, Val R²: 0.6781
Epoch 88/1000
Train Loss: 0.000147, Train R²: 0.7065, Val Loss: 0.000161, Val R²: 0.6812
Epoch 89/1000
