Using device: cuda
Total samples: 100000, Training: 80000, Validation: 20000
Total trainable parameters: 4577537
Epoch 1/1000
Train Loss: 0.008485, Train R²: -15.9232, Val Loss: 0.000331, Val R²: 0.3468
Saved Best Model with Val Loss: 0.000331
Epoch 2/1000
Train Loss: 0.000272, Train R²: 0.4570, Val Loss: 0.000205, Val R²: 0.5957
Saved Best Model with Val Loss: 0.000205
Epoch 3/1000
Train Loss: 0.000191, Train R²: 0.6190, Val Loss: 0.000169, Val R²: 0.6677
Saved Best Model with Val Loss: 0.000169
Epoch 4/1000
Train Loss: 0.000224, Train R²: 0.5524, Val Loss: 0.000258, Val R²: 0.4910
Epoch 5/1000
Train Loss: 0.000164, Train R²: 0.6721, Val Loss: 0.000150, Val R²: 0.7041
Saved Best Model with Val Loss: 0.000150
Epoch 6/1000
Train Loss: 0.000129, Train R²: 0.7425, Val Loss: 0.000148, Val R²: 0.7088
Saved Best Model with Val Loss: 0.000148
Epoch 7/1000
Train Loss: 0.000111, Train R²: 0.7785, Val Loss: 0.000110, Val R²: 0.7836
Saved Best Model with Val Loss: 0.000110
Epoch 8/1000
Train Loss: 0.000097, Train R²: 0.8060, Val Loss: 0.000101, Val R²: 0.8017
Saved Best Model with Val Loss: 0.000101
Epoch 9/1000
Train Loss: 0.000087, Train R²: 0.8260, Val Loss: 0.000090, Val R²: 0.8218
Saved Best Model with Val Loss: 0.000090
Epoch 10/1000
Train Loss: 0.000080, Train R²: 0.8408, Val Loss: 0.000089, Val R²: 0.8237
Saved Best Model with Val Loss: 0.000089
Epoch 11/1000
Train Loss: 0.000073, Train R²: 0.8539, Val Loss: 0.000093, Val R²: 0.8174
Epoch 12/1000
Train Loss: 0.000061, Train R²: 0.8785, Val Loss: 0.000137, Val R²: 0.7303
Epoch 13/1000
Train Loss: 0.000060, Train R²: 0.8800, Val Loss: 0.000086, Val R²: 0.8304
Saved Best Model with Val Loss: 0.000086
Epoch 14/1000
Train Loss: 0.000047, Train R²: 0.9057, Val Loss: 0.000079, Val R²: 0.8434
Saved Best Model with Val Loss: 0.000079
Epoch 15/1000
Train Loss: 0.000052, Train R²: 0.8967, Val Loss: 0.000098, Val R²: 0.8071
Epoch 16/1000
Train Loss: 0.000046, Train R²: 0.9085, Val Loss: 0.000060, Val R²: 0.8821
Saved Best Model with Val Loss: 0.000060
Epoch 17/1000
Train Loss: 0.000071, Train R²: 0.8575, Val Loss: 0.000060, Val R²: 0.8826
Saved Best Model with Val Loss: 0.000060
Epoch 18/1000
Train Loss: 0.000045, Train R²: 0.9103, Val Loss: 0.000070, Val R²: 0.8629
Epoch 19/1000
Train Loss: 0.000071, Train R²: 0.8592, Val Loss: 0.236626, Val R²: -465.2721
Epoch 20/1000
Train Loss: 0.046984, Train R²: -92.7028, Val Loss: 0.000600, Val R²: -0.1818
Epoch 21/1000
Train Loss: 0.000559, Train R²: -0.1150, Val Loss: 0.000539, Val R²: -0.0615
Epoch 22/1000
Train Loss: 0.000516, Train R²: -0.0301, Val Loss: 0.000508, Val R²: -0.0013
Epoch 23/1000
Train Loss: 0.000493, Train R²: 0.0172, Val Loss: 0.000491, Val R²: 0.0318
Epoch 24/1000
Train Loss: 0.000476, Train R²: 0.0497, Val Loss: 0.000475, Val R²: 0.0641
Epoch 25/1000
Train Loss: 0.000465, Train R²: 0.0734, Val Loss: 0.000462, Val R²: 0.0889
Epoch 26/1000
Train Loss: 0.000454, Train R²: 0.0943, Val Loss: 0.000453, Val R²: 0.1070
Epoch 27/1000
Train Loss: 0.000441, Train R²: 0.1210, Val Loss: 0.000442, Val R²: 0.1284
Epoch 28/1000
Train Loss: 0.000430, Train R²: 0.1415, Val Loss: 0.000430, Val R²: 0.1529
Epoch 00028: reducing learning rate of group 0 to 5.0000e-04.
Epoch 29/1000
Train Loss: 0.000414, Train R²: 0.1734, Val Loss: 0.000419, Val R²: 0.1734
Epoch 30/1000
Train Loss: 0.000406, Train R²: 0.1903, Val Loss: 0.000411, Val R²: 0.1897
Epoch 31/1000
Train Loss: 0.000400, Train R²: 0.2016, Val Loss: 0.000413, Val R²: 0.1854
Epoch 32/1000
Train Loss: 0.000394, Train R²: 0.2142, Val Loss: 0.000395, Val R²: 0.2221
Epoch 33/1000
Train Loss: 0.000383, Train R²: 0.2357, Val Loss: 0.000387, Val R²: 0.2366
Epoch 34/1000
Train Loss: 0.000376, Train R²: 0.2511, Val Loss: 0.000382, Val R²: 0.2474
Epoch 35/1000
Train Loss: 0.000369, Train R²: 0.2644, Val Loss: 0.000377, Val R²: 0.2579
Epoch 36/1000
Train Loss: 0.000363, Train R²: 0.2753, Val Loss: 0.000365, Val R²: 0.2806
Epoch 37/1000
Train Loss: 0.000359, Train R²: 0.2838, Val Loss: 0.000358, Val R²: 0.2947
Epoch 38/1000
Train Loss: 0.000348, Train R²: 0.3063, Val Loss: 0.000376, Val R²: 0.2583
Epoch 39/1000
Train Loss: 0.000342, Train R²: 0.3189, Val Loss: 0.000357, Val R²: 0.2958
Epoch 00039: reducing learning rate of group 0 to 2.5000e-04.
Epoch 40/1000
Train Loss: 0.000330, Train R²: 0.3415, Val Loss: 0.000335, Val R²: 0.3394
Epoch 41/1000
Train Loss: 0.000328, Train R²: 0.3460, Val Loss: 0.000332, Val R²: 0.3466
Epoch 42/1000
Train Loss: 0.000322, Train R²: 0.3579, Val Loss: 0.000328, Val R²: 0.3537
Epoch 43/1000
Train Loss: 0.000317, Train R²: 0.3676, Val Loss: 0.000322, Val R²: 0.3662
Epoch 44/1000
Train Loss: 0.000311, Train R²: 0.3802, Val Loss: 0.000315, Val R²: 0.3795
Epoch 45/1000
Train Loss: 0.000305, Train R²: 0.3927, Val Loss: 0.000308, Val R²: 0.3930
Epoch 46/1000
Train Loss: 0.000296, Train R²: 0.4099, Val Loss: 0.000316, Val R²: 0.3782
Epoch 47/1000
Train Loss: 0.000290, Train R²: 0.4208, Val Loss: 0.000299, Val R²: 0.4106
Epoch 48/1000
Train Loss: 0.000286, Train R²: 0.4293, Val Loss: 0.000288, Val R²: 0.4331
Epoch 49/1000
Train Loss: 0.000279, Train R²: 0.4426, Val Loss: 0.000280, Val R²: 0.4475
Epoch 50/1000
Train Loss: 0.000269, Train R²: 0.4638, Val Loss: 0.000273, Val R²: 0.4613
Epoch 00050: reducing learning rate of group 0 to 1.2500e-04.
Epoch 51/1000
Train Loss: 0.000258, Train R²: 0.4859, Val Loss: 0.000271, Val R²: 0.4665
Epoch 52/1000
Train Loss: 0.000256, Train R²: 0.4900, Val Loss: 0.000263, Val R²: 0.4813
Epoch 53/1000
Train Loss: 0.000250, Train R²: 0.5006, Val Loss: 0.000278, Val R²: 0.4519
Epoch 54/1000
Train Loss: 0.000246, Train R²: 0.5088, Val Loss: 0.000256, Val R²: 0.4963
Epoch 55/1000
Train Loss: 0.000242, Train R²: 0.5171, Val Loss: 0.000247, Val R²: 0.5127
Epoch 56/1000
Train Loss: 0.000236, Train R²: 0.5287, Val Loss: 0.000251, Val R²: 0.5048
Epoch 57/1000
Train Loss: 0.000234, Train R²: 0.5336, Val Loss: 0.000243, Val R²: 0.5215
Epoch 58/1000
Train Loss: 0.000228, Train R²: 0.5451, Val Loss: 0.000238, Val R²: 0.5313
Epoch 59/1000
Train Loss: 0.000224, Train R²: 0.5539, Val Loss: 0.000235, Val R²: 0.5375
Epoch 60/1000
Train Loss: 0.000221, Train R²: 0.5601, Val Loss: 0.000228, Val R²: 0.5512
Epoch 61/1000
Train Loss: 0.000216, Train R²: 0.5696, Val Loss: 0.000219, Val R²: 0.5679
Epoch 00061: reducing learning rate of group 0 to 6.2500e-05.
Epoch 62/1000
Train Loss: 0.000211, Train R²: 0.5799, Val Loss: 0.000217, Val R²: 0.5726
Epoch 63/1000
Train Loss: 0.000208, Train R²: 0.5850, Val Loss: 0.000233, Val R²: 0.5416
Epoch 64/1000
Train Loss: 0.000207, Train R²: 0.5866, Val Loss: 0.000214, Val R²: 0.5776
Epoch 65/1000
Train Loss: 0.000204, Train R²: 0.5927, Val Loss: 0.000213, Val R²: 0.5808
Epoch 66/1000
Train Loss: 0.000204, Train R²: 0.5928, Val Loss: 0.000211, Val R²: 0.5841
Epoch 67/1000
Train Loss: 0.000201, Train R²: 0.5993, Val Loss: 0.000208, Val R²: 0.5897
Epoch 68/1000
Train Loss: 0.000199, Train R²: 0.6024, Val Loss: 0.000234, Val R²: 0.5387
Epoch 69/1000
Train Loss: 0.000200, Train R²: 0.6013, Val Loss: 0.000208, Val R²: 0.5907
Epoch 70/1000
Train Loss: 0.000197, Train R²: 0.6075, Val Loss: 0.000202, Val R²: 0.6025
Epoch 71/1000
Train Loss: 0.000195, Train R²: 0.6113, Val Loss: 0.000201, Val R²: 0.6048
Epoch 72/1000
Train Loss: 0.000193, Train R²: 0.6142, Val Loss: 0.000199, Val R²: 0.6081
Epoch 00072: reducing learning rate of group 0 to 3.1250e-05.
Epoch 73/1000
Train Loss: 0.000190, Train R²: 0.6202, Val Loss: 0.000200, Val R²: 0.6057
Epoch 74/1000
Train Loss: 0.000190, Train R²: 0.6213, Val Loss: 0.000197, Val R²: 0.6123
Epoch 75/1000
Train Loss: 0.000188, Train R²: 0.6256, Val Loss: 0.000196, Val R²: 0.6137
Epoch 76/1000
Train Loss: 0.000187, Train R²: 0.6262, Val Loss: 0.000195, Val R²: 0.6164
Epoch 77/1000
Train Loss: 0.000188, Train R²: 0.6250, Val Loss: 0.000197, Val R²: 0.6112
Epoch 78/1000
Train Loss: 0.000185, Train R²: 0.6307, Val Loss: 0.000193, Val R²: 0.6199
Epoch 79/1000
Train Loss: 0.000185, Train R²: 0.6311, Val Loss: 0.000198, Val R²: 0.6098
Epoch 80/1000
Train Loss: 0.000184, Train R²: 0.6336, Val Loss: 0.000192, Val R²: 0.6213
Epoch 81/1000
Train Loss: 0.000182, Train R²: 0.6361, Val Loss: 0.000191, Val R²: 0.6238
Epoch 82/1000
Train Loss: 0.000183, Train R²: 0.6352, Val Loss: 0.000189, Val R²: 0.6281
Epoch 83/1000
Train Loss: 0.000180, Train R²: 0.6405, Val Loss: 0.000188, Val R²: 0.6295
Epoch 00083: reducing learning rate of group 0 to 1.5625e-05.
Epoch 84/1000
Train Loss: 0.000178, Train R²: 0.6449, Val Loss: 0.000187, Val R²: 0.6316
Epoch 85/1000
Train Loss: 0.000177, Train R²: 0.6461, Val Loss: 0.000187, Val R²: 0.6316
Epoch 86/1000
Train Loss: 0.000177, Train R²: 0.6465, Val Loss: 0.000186, Val R²: 0.6328
Epoch 87/1000
Train Loss: 0.000177, Train R²: 0.6471, Val Loss: 0.000186, Val R²: 0.6336
Epoch 88/1000
Train Loss: 0.000177, Train R²: 0.6473, Val Loss: 0.000186, Val R²: 0.6338
Epoch 89/1000
Train Loss: 0.000175, Train R²: 0.6506, Val Loss: 0.000186, Val R²: 0.6340
Epoch 90/1000
Train Loss: 0.000175, Train R²: 0.6509, Val Loss: 0.000184, Val R²: 0.6377
Epoch 91/1000
Train Loss: 0.000175, Train R²: 0.6519, Val Loss: 0.000183, Val R²: 0.6390
Epoch 92/1000
Train Loss: 0.000174, Train R²: 0.6538, Val Loss: 0.000183, Val R²: 0.6395
Epoch 93/1000
Train Loss: 0.000173, Train R²: 0.6552, Val Loss: 0.000183, Val R²: 0.6400
Epoch 94/1000
Train Loss: 0.000173, Train R²: 0.6551, Val Loss: 0.000182, Val R²: 0.6423
Epoch 00094: reducing learning rate of group 0 to 7.8125e-06.
Epoch 95/1000
Train Loss: 0.000171, Train R²: 0.6585, Val Loss: 0.000183, Val R²: 0.6385
Epoch 96/1000
Train Loss: 0.000171, Train R²: 0.6591, Val Loss: 0.000182, Val R²: 0.6419
Epoch 97/1000
Train Loss: 0.000171, Train R²: 0.6596, Val Loss: 0.000180, Val R²: 0.6450
Epoch 98/1000
Train Loss: 0.000170, Train R²: 0.6611, Val Loss: 0.000181, Val R²: 0.6441
Epoch 99/1000
Train Loss: 0.000170, Train R²: 0.6616, Val Loss: 0.000180, Val R²: 0.6453
Epoch 100/1000
Train Loss: 0.000170, Train R²: 0.6614, Val Loss: 0.000190, Val R²: 0.6256
Epoch 101/1000
Train Loss: 0.000169, Train R²: 0.6625, Val Loss: 0.000180, Val R²: 0.6458
Epoch 102/1000
Train Loss: 0.000169, Train R²: 0.6633, Val Loss: 0.000179, Val R²: 0.6476
Epoch 103/1000
Train Loss: 0.000168, Train R²: 0.6643, Val Loss: 0.000179, Val R²: 0.6480
Epoch 104/1000
Train Loss: 0.000168, Train R²: 0.6643, Val Loss: 0.000178, Val R²: 0.6490
Epoch 105/1000
Train Loss: 0.000168, Train R²: 0.6657, Val Loss: 0.000178, Val R²: 0.6497
Epoch 00105: reducing learning rate of group 0 to 3.9063e-06.
Epoch 106/1000
Train Loss: 0.000167, Train R²: 0.6672, Val Loss: 0.000179, Val R²: 0.6481
Epoch 107/1000
Train Loss: 0.000167, Train R²: 0.6677, Val Loss: 0.000177, Val R²: 0.6511
Epoch 108/1000
Train Loss: 0.000166, Train R²: 0.6682, Val Loss: 0.000177, Val R²: 0.6516
Epoch 109/1000
Train Loss: 0.000166, Train R²: 0.6686, Val Loss: 0.000177, Val R²: 0.6506
Epoch 110/1000
Train Loss: 0.000166, Train R²: 0.6691, Val Loss: 0.000179, Val R²: 0.6469
Epoch 111/1000
Train Loss: 0.000166, Train R²: 0.6692, Val Loss: 0.000176, Val R²: 0.6526
Epoch 112/1000
Train Loss: 0.000166, Train R²: 0.6699, Val Loss: 0.000177, Val R²: 0.6515
Epoch 113/1000
Train Loss: 0.000165, Train R²: 0.6701, Val Loss: 0.000177, Val R²: 0.6514
Epoch 114/1000
Train Loss: 0.000165, Train R²: 0.6709, Val Loss: 0.000176, Val R²: 0.6533
Epoch 115/1000
Train Loss: 0.000165, Train R²: 0.6710, Val Loss: 0.000177, Val R²: 0.6521
Epoch 116/1000
Train Loss: 0.000165, Train R²: 0.6711, Val Loss: 0.000175, Val R²: 0.6543
Epoch 00116: reducing learning rate of group 0 to 1.9531e-06.
Epoch 117/1000
Train Loss: 0.000164, Train R²: 0.6725, Val Loss: 0.000176, Val R²: 0.6541
Epoch 118/1000
Train Loss: 0.000164, Train R²: 0.6729, Val Loss: 0.000175, Val R²: 0.6547
Epoch 119/1000
Train Loss: 0.000164, Train R²: 0.6730, Val Loss: 0.000175, Val R²: 0.6549
Epoch 120/1000
Train Loss: 0.000164, Train R²: 0.6734, Val Loss: 0.000175, Val R²: 0.6550
Epoch 121/1000
Train Loss: 0.000164, Train R²: 0.6734, Val Loss: 0.000175, Val R²: 0.6554
Epoch 122/1000
Train Loss: 0.000164, Train R²: 0.6738, Val Loss: 0.000175, Val R²: 0.6553
Epoch 123/1000
Train Loss: 0.000163, Train R²: 0.6739, Val Loss: 0.000176, Val R²: 0.6537
Epoch 124/1000
Train Loss: 0.000163, Train R²: 0.6740, Val Loss: 0.000175, Val R²: 0.6561
Epoch 125/1000
Train Loss: 0.000163, Train R²: 0.6746, Val Loss: 0.000174, Val R²: 0.6564
Epoch 126/1000
Train Loss: 0.000163, Train R²: 0.6748, Val Loss: 0.000174, Val R²: 0.6567
Epoch 127/1000
Train Loss: 0.000163, Train R²: 0.6749, Val Loss: 0.000174, Val R²: 0.6567
Epoch 00127: reducing learning rate of group 0 to 9.7656e-07.
Epoch 128/1000
Train Loss: 0.000163, Train R²: 0.6755, Val Loss: 0.000174, Val R²: 0.6569
Epoch 129/1000
Train Loss: 0.000163, Train R²: 0.6756, Val Loss: 0.000174, Val R²: 0.6570
Epoch 130/1000
Train Loss: 0.000163, Train R²: 0.6757, Val Loss: 0.000174, Val R²: 0.6570
Epoch 131/1000
Train Loss: 0.000163, Train R²: 0.6759, Val Loss: 0.000174, Val R²: 0.6573
Epoch 132/1000
Train Loss: 0.000163, Train R²: 0.6758, Val Loss: 0.000175, Val R²: 0.6553
Epoch 133/1000
Train Loss: 0.000162, Train R²: 0.6760, Val Loss: 0.000174, Val R²: 0.6576
Epoch 134/1000
Train Loss: 0.000162, Train R²: 0.6762, Val Loss: 0.000174, Val R²: 0.6575
Epoch 135/1000
Train Loss: 0.000162, Train R²: 0.6760, Val Loss: 0.000174, Val R²: 0.6577
Epoch 136/1000
Train Loss: 0.000162, Train R²: 0.6764, Val Loss: 0.000175, Val R²: 0.6554
Epoch 137/1000
Train Loss: 0.000162, Train R²: 0.6766, Val Loss: 0.000174, Val R²: 0.6576
Epoch 138/1000
Train Loss: 0.000162, Train R²: 0.6768, Val Loss: 0.000174, Val R²: 0.6580
Epoch 00138: reducing learning rate of group 0 to 4.8828e-07.
Epoch 139/1000
Train Loss: 0.000162, Train R²: 0.6770, Val Loss: 0.000174, Val R²: 0.6581
Epoch 140/1000
Train Loss: 0.000162, Train R²: 0.6772, Val Loss: 0.000173, Val R²: 0.6582
Epoch 141/1000
Train Loss: 0.000162, Train R²: 0.6771, Val Loss: 0.000173, Val R²: 0.6582
Epoch 142/1000
Train Loss: 0.000162, Train R²: 0.6773, Val Loss: 0.000173, Val R²: 0.6582
Epoch 143/1000
Train Loss: 0.000162, Train R²: 0.6772, Val Loss: 0.000173, Val R²: 0.6584
Epoch 144/1000
Train Loss: 0.000162, Train R²: 0.6773, Val Loss: 0.000173, Val R²: 0.6583
Epoch 145/1000
Train Loss: 0.000162, Train R²: 0.6773, Val Loss: 0.000173, Val R²: 0.6584
Epoch 146/1000
Train Loss: 0.000162, Train R²: 0.6775, Val Loss: 0.000173, Val R²: 0.6585
Epoch 147/1000
Train Loss: 0.000162, Train R²: 0.6775, Val Loss: 0.000173, Val R²: 0.6585
Epoch 148/1000
Train Loss: 0.000162, Train R²: 0.6776, Val Loss: 0.000173, Val R²: 0.6584
Epoch 149/1000
Train Loss: 0.000162, Train R²: 0.6777, Val Loss: 0.000173, Val R²: 0.6584
Epoch 00149: reducing learning rate of group 0 to 2.4414e-07.
Epoch 150/1000
Train Loss: 0.000162, Train R²: 0.6778, Val Loss: 0.000173, Val R²: 0.6584
Epoch 151/1000
Train Loss: 0.000162, Train R²: 0.6778, Val Loss: 0.000173, Val R²: 0.6586
Epoch 152/1000
Train Loss: 0.000162, Train R²: 0.6778, Val Loss: 0.000173, Val R²: 0.6586
Epoch 153/1000
Train Loss: 0.000161, Train R²: 0.6780, Val Loss: 0.000173, Val R²: 0.6585
Epoch 154/1000
Train Loss: 0.000161, Train R²: 0.6779, Val Loss: 0.000173, Val R²: 0.6588
Epoch 155/1000
Train Loss: 0.000161, Train R²: 0.6780, Val Loss: 0.000173, Val R²: 0.6588
Epoch 156/1000
Train Loss: 0.000161, Train R²: 0.6780, Val Loss: 0.000173, Val R²: 0.6588
Epoch 157/1000
Train Loss: 0.000161, Train R²: 0.6780, Val Loss: 0.000173, Val R²: 0.6588
Epoch 158/1000
Train Loss: 0.000161, Train R²: 0.6781, Val Loss: 0.000173, Val R²: 0.6589
Epoch 159/1000
Train Loss: 0.000161, Train R²: 0.6781, Val Loss: 0.000173, Val R²: 0.6587
Epoch 160/1000
Train Loss: 0.000161, Train R²: 0.6781, Val Loss: 0.000173, Val R²: 0.6587
Epoch 00160: reducing learning rate of group 0 to 1.2207e-07.
Epoch 161/1000
Train Loss: 0.000161, Train R²: 0.6782, Val Loss: 0.000173, Val R²: 0.6588
Epoch 162/1000
Train Loss: 0.000161, Train R²: 0.6783, Val Loss: 0.000173, Val R²: 0.6590
Epoch 163/1000
Train Loss: 0.000161, Train R²: 0.6783, Val Loss: 0.000173, Val R²: 0.6590
Epoch 164/1000
Train Loss: 0.000161, Train R²: 0.6783, Val Loss: 0.000173, Val R²: 0.6590
Epoch 165/1000
Train Loss: 0.000161, Train R²: 0.6784, Val Loss: 0.000173, Val R²: 0.6590
Epoch 166/1000
Train Loss: 0.000161, Train R²: 0.6783, Val Loss: 0.000173, Val R²: 0.6590
Epoch 167/1000
Train Loss: 0.000161, Train R²: 0.6783, Val Loss: 0.000173, Val R²: 0.6590
Epoch 168/1000
Train Loss: 0.000161, Train R²: 0.6784, Val Loss: 0.000173, Val R²: 0.6590
Epoch 169/1000
Train Loss: 0.000161, Train R²: 0.6784, Val Loss: 0.000173, Val R²: 0.6591
Epoch 170/1000
Train Loss: 0.000161, Train R²: 0.6784, Val Loss: 0.000173, Val R²: 0.6590
Epoch 171/1000
Train Loss: 0.000161, Train R²: 0.6784, Val Loss: 0.000173, Val R²: 0.6591
Epoch 00171: reducing learning rate of group 0 to 6.1035e-08.
Epoch 172/1000
Train Loss: 0.000161, Train R²: 0.6785, Val Loss: 0.000173, Val R²: 0.6591
Epoch 173/1000
Train Loss: 0.000161, Train R²: 0.6785, Val Loss: 0.000173, Val R²: 0.6591
Epoch 174/1000
Train Loss: 0.000161, Train R²: 0.6784, Val Loss: 0.000173, Val R²: 0.6591
Epoch 175/1000
Train Loss: 0.000161, Train R²: 0.6784, Val Loss: 0.000173, Val R²: 0.6592
Epoch 176/1000
Train Loss: 0.000161, Train R²: 0.6785, Val Loss: 0.000173, Val R²: 0.6591
Epoch 177/1000
Train Loss: 0.000161, Train R²: 0.6785, Val Loss: 0.000173, Val R²: 0.6591
Epoch 178/1000
Train Loss: 0.000161, Train R²: 0.6785, Val Loss: 0.000173, Val R²: 0.6591
Epoch 179/1000
Train Loss: 0.000161, Train R²: 0.6784, Val Loss: 0.000173, Val R²: 0.6589
Epoch 180/1000
Train Loss: 0.000161, Train R²: 0.6785, Val Loss: 0.000173, Val R²: 0.6592
Epoch 181/1000
Train Loss: 0.000161, Train R²: 0.6785, Val Loss: 0.000173, Val R²: 0.6592
Epoch 182/1000
Train Loss: 0.000161, Train R²: 0.6786, Val Loss: 0.000173, Val R²: 0.6591
Epoch 00182: reducing learning rate of group 0 to 3.0518e-08.
Epoch 183/1000
Train Loss: 0.000161, Train R²: 0.6786, Val Loss: 0.000173, Val R²: 0.6592
Epoch 184/1000
Train Loss: 0.000161, Train R²: 0.6786, Val Loss: 0.000173, Val R²: 0.6591
Epoch 185/1000
Train Loss: 0.000161, Train R²: 0.6786, Val Loss: 0.000173, Val R²: 0.6592
Epoch 186/1000
Train Loss: 0.000161, Train R²: 0.6786, Val Loss: 0.000173, Val R²: 0.6592
Epoch 187/1000
Train Loss: 0.000161, Train R²: 0.6786, Val Loss: 0.000173, Val R²: 0.6591
Epoch 188/1000
Train Loss: 0.000161, Train R²: 0.6786, Val Loss: 0.000173, Val R²: 0.6592
Epoch 189/1000
Train Loss: 0.000161, Train R²: 0.6786, Val Loss: 0.000173, Val R²: 0.6592
Epoch 190/1000
Train Loss: 0.000161, Train R²: 0.6785, Val Loss: 0.000173, Val R²: 0.6592
Epoch 191/1000
Train Loss: 0.000161, Train R²: 0.6786, Val Loss: 0.000173, Val R²: 0.6591
Epoch 192/1000
Train Loss: 0.000161, Train R²: 0.6786, Val Loss: 0.000173, Val R²: 0.6592
Epoch 193/1000
Train Loss: 0.000161, Train R²: 0.6786, Val Loss: 0.000173, Val R²: 0.6592
Epoch 00193: reducing learning rate of group 0 to 1.5259e-08.
Epoch 194/1000
Train Loss: 0.000161, Train R²: 0.6786, Val Loss: 0.000173, Val R²: 0.6592
Epoch 195/1000
Train Loss: 0.000161, Train R²: 0.6786, Val Loss: 0.000173, Val R²: 0.6592
Epoch 196/1000
Train Loss: 0.000161, Train R²: 0.6786, Val Loss: 0.000173, Val R²: 0.6592
Epoch 197/1000
Train Loss: 0.000161, Train R²: 0.6786, Val Loss: 0.000173, Val R²: 0.6592
Epoch 198/1000
Train Loss: 0.000161, Train R²: 0.6787, Val Loss: 0.000173, Val R²: 0.6592
Epoch 199/1000
Train Loss: 0.000161, Train R²: 0.6786, Val Loss: 0.000173, Val R²: 0.6592
Epoch 200/1000
Train Loss: 0.000161, Train R²: 0.6787, Val Loss: 0.000173, Val R²: 0.6592
Epoch 201/1000
Train Loss: 0.000161, Train R²: 0.6786, Val Loss: 0.000173, Val R²: 0.6593
Epoch 202/1000
Train Loss: 0.000161, Train R²: 0.6786, Val Loss: 0.000173, Val R²: 0.6592
Epoch 203/1000
Train Loss: 0.000161, Train R²: 0.6787, Val Loss: 0.000173, Val R²: 0.6593
Epoch 204/1000
Train Loss: 0.000161, Train R²: 0.6786, Val Loss: 0.000173, Val R²: 0.6592
Epoch 205/1000
Train Loss: 0.000161, Train R²: 0.6786, Val Loss: 0.000173, Val R²: 0.6592
Epoch 206/1000
Train Loss: 0.000161, Train R²: 0.6786, Val Loss: 0.000173, Val R²: 0.6592
Epoch 207/1000
Train Loss: 0.000161, Train R²: 0.6787, Val Loss: 0.000173, Val R²: 0.6592
Epoch 208/1000
Train Loss: 0.000161, Train R²: 0.6786, Val Loss: 0.000173, Val R²: 0.6592
Epoch 209/1000
Train Loss: 0.000161, Train R²: 0.6786, Val Loss: 0.000173, Val R²: 0.6592
Epoch 210/1000
Train Loss: 0.000161, Train R²: 0.6787, Val Loss: 0.000173, Val R²: 0.6592
Epoch 211/1000
Train Loss: 0.000161, Train R²: 0.6786, Val Loss: 0.000173, Val R²: 0.6592
Epoch 212/1000
Train Loss: 0.000161, Train R²: 0.6786, Val Loss: 0.000173, Val R²: 0.6592
Epoch 213/1000
Train Loss: 0.000161, Train R²: 0.6787, Val Loss: 0.000173, Val R²: 0.6593
Epoch 214/1000
Train Loss: 0.000161, Train R²: 0.6786, Val Loss: 0.000173, Val R²: 0.6592
Epoch 215/1000
Train Loss: 0.000161, Train R²: 0.6787, Val Loss: 0.000173, Val R²: 0.6592
Epoch 216/1000
Train Loss: 0.000161, Train R²: 0.6787, Val Loss: 0.000173, Val R²: 0.6592
Epoch 217/1000
Train Loss: 0.000161, Train R²: 0.6786, Val Loss: 0.000173, Val R²: 0.6592
Epoch 218/1000
Train Loss: 0.000161, Train R²: 0.6786, Val Loss: 0.000173, Val R²: 0.6593
Epoch 219/1000
Train Loss: 0.000161, Train R²: 0.6787, Val Loss: 0.000173, Val R²: 0.6593
Epoch 220/1000
Train Loss: 0.000161, Train R²: 0.6786, Val Loss: 0.000173, Val R²: 0.6593
Epoch 221/1000
Train Loss: 0.000161, Train R²: 0.6787, Val Loss: 0.000173, Val R²: 0.6593
Epoch 222/1000
Train Loss: 0.000161, Train R²: 0.6786, Val Loss: 0.000173, Val R²: 0.6593
Epoch 223/1000
Train Loss: 0.000161, Train R²: 0.6787, Val Loss: 0.000173, Val R²: 0.6592
Epoch 224/1000
Train Loss: 0.000161, Train R²: 0.6787, Val Loss: 0.000173, Val R²: 0.6593
Epoch 225/1000
Train Loss: 0.000161, Train R²: 0.6787, Val Loss: 0.000173, Val R²: 0.6592
Epoch 226/1000
Train Loss: 0.000161, Train R²: 0.6787, Val Loss: 0.000173, Val R²: 0.6592
Epoch 227/1000
Train Loss: 0.000161, Train R²: 0.6787, Val Loss: 0.000173, Val R²: 0.6592
Epoch 228/1000
Train Loss: 0.000161, Train R²: 0.6787, Val Loss: 0.000173, Val R²: 0.6592
Epoch 229/1000
Train Loss: 0.000161, Train R²: 0.6787, Val Loss: 0.000173, Val R²: 0.6592
Epoch 230/1000
Train Loss: 0.000161, Train R²: 0.6787, Val Loss: 0.000173, Val R²: 0.6593
Epoch 231/1000
Train Loss: 0.000161, Train R²: 0.6787, Val Loss: 0.000173, Val R²: 0.6593
Epoch 232/1000
Train Loss: 0.000161, Train R²: 0.6787, Val Loss: 0.000173, Val R²: 0.6593
Epoch 233/1000
Train Loss: 0.000161, Train R²: 0.6787, Val Loss: 0.000173, Val R²: 0.6593
Epoch 234/1000
Train Loss: 0.000161, Train R²: 0.6787, Val Loss: 0.000173, Val R²: 0.6592
Epoch 235/1000
Train Loss: 0.000161, Train R²: 0.6787, Val Loss: 0.000173, Val R²: 0.6593
Epoch 236/1000
Train Loss: 0.000161, Train R²: 0.6787, Val Loss: 0.000173, Val R²: 0.6593
Epoch 237/1000
Train Loss: 0.000161, Train R²: 0.6787, Val Loss: 0.000173, Val R²: 0.6593
Epoch 238/1000
Train Loss: 0.000161, Train R²: 0.6787, Val Loss: 0.000173, Val R²: 0.6593
Epoch 239/1000
Train Loss: 0.000161, Train R²: 0.6787, Val Loss: 0.000173, Val R²: 0.6593
Epoch 240/1000
Train Loss: 0.000161, Train R²: 0.6787, Val Loss: 0.000173, Val R²: 0.6593
Epoch 241/1000
Train Loss: 0.000161, Train R²: 0.6787, Val Loss: 0.000173, Val R²: 0.6593
Epoch 242/1000
Train Loss: 0.000161, Train R²: 0.6787, Val Loss: 0.000173, Val R²: 0.6593
Epoch 243/1000
Train Loss: 0.000161, Train R²: 0.6787, Val Loss: 0.000173, Val R²: 0.6593
Epoch 244/1000
Train Loss: 0.000161, Train R²: 0.6787, Val Loss: 0.000173, Val R²: 0.6593
Epoch 245/1000
Train Loss: 0.000161, Train R²: 0.6787, Val Loss: 0.000173, Val R²: 0.6593
Epoch 246/1000
Train Loss: 0.000161, Train R²: 0.6788, Val Loss: 0.000173, Val R²: 0.6593
Epoch 247/1000
Train Loss: 0.000161, Train R²: 0.6787, Val Loss: 0.000173, Val R²: 0.6593
Epoch 248/1000
Train Loss: 0.000161, Train R²: 0.6787, Val Loss: 0.000173, Val R²: 0.6593
Epoch 249/1000
Train Loss: 0.000161, Train R²: 0.6787, Val Loss: 0.000173, Val R²: 0.6593
Epoch 250/1000
Train Loss: 0.000161, Train R²: 0.6787, Val Loss: 0.000173, Val R²: 0.6593
Epoch 251/1000
Train Loss: 0.000161, Train R²: 0.6787, Val Loss: 0.000173, Val R²: 0.6593
Epoch 252/1000
Train Loss: 0.000161, Train R²: 0.6787, Val Loss: 0.000173, Val R²: 0.6593
Epoch 253/1000
Train Loss: 0.000161, Train R²: 0.6787, Val Loss: 0.000173, Val R²: 0.6593
Epoch 254/1000
Train Loss: 0.000161, Train R²: 0.6787, Val Loss: 0.000173, Val R²: 0.6593
Epoch 255/1000
Train Loss: 0.000161, Train R²: 0.6787, Val Loss: 0.000173, Val R²: 0.6593
Epoch 256/1000
Train Loss: 0.000161, Train R²: 0.6787, Val Loss: 0.000173, Val R²: 0.6593
Epoch 257/1000
Train Loss: 0.000161, Train R²: 0.6787, Val Loss: 0.000173, Val R²: 0.6593
Epoch 258/1000
Train Loss: 0.000161, Train R²: 0.6787, Val Loss: 0.000173, Val R²: 0.6593
Epoch 259/1000
Train Loss: 0.000161, Train R²: 0.6787, Val Loss: 0.000173, Val R²: 0.6593
Epoch 260/1000
Train Loss: 0.000161, Train R²: 0.6788, Val Loss: 0.000173, Val R²: 0.6593
Epoch 261/1000
Train Loss: 0.000161, Train R²: 0.6788, Val Loss: 0.000173, Val R²: 0.6593
Epoch 262/1000
Train Loss: 0.000161, Train R²: 0.6788, Val Loss: 0.000173, Val R²: 0.6593
Epoch 263/1000
Train Loss: 0.000161, Train R²: 0.6788, Val Loss: 0.000173, Val R²: 0.6593
Epoch 264/1000
Train Loss: 0.000161, Train R²: 0.6788, Val Loss: 0.000173, Val R²: 0.6593
Epoch 265/1000
Train Loss: 0.000161, Train R²: 0.6787, Val Loss: 0.000173, Val R²: 0.6593
Epoch 266/1000
Train Loss: 0.000161, Train R²: 0.6788, Val Loss: 0.000173, Val R²: 0.6593
Epoch 267/1000
Train Loss: 0.000161, Train R²: 0.6788, Val Loss: 0.000173, Val R²: 0.6593
Epoch 268/1000
Train Loss: 0.000161, Train R²: 0.6788, Val Loss: 0.000173, Val R²: 0.6593
Epoch 269/1000
Train Loss: 0.000161, Train R²: 0.6788, Val Loss: 0.000173, Val R²: 0.6592
Epoch 270/1000
Train Loss: 0.000161, Train R²: 0.6787, Val Loss: 0.000173, Val R²: 0.6593
Epoch 271/1000
Train Loss: 0.000161, Train R²: 0.6788, Val Loss: 0.000173, Val R²: 0.6594
Epoch 272/1000
Train Loss: 0.000161, Train R²: 0.6787, Val Loss: 0.000173, Val R²: 0.6593
Epoch 273/1000
Train Loss: 0.000161, Train R²: 0.6788, Val Loss: 0.000173, Val R²: 0.6594
Epoch 274/1000
Train Loss: 0.000161, Train R²: 0.6788, Val Loss: 0.000173, Val R²: 0.6594
Epoch 275/1000
Train Loss: 0.000161, Train R²: 0.6787, Val Loss: 0.000173, Val R²: 0.6594
Epoch 276/1000
Train Loss: 0.000161, Train R²: 0.6788, Val Loss: 0.000173, Val R²: 0.6593
Epoch 277/1000
Train Loss: 0.000161, Train R²: 0.6788, Val Loss: 0.000173, Val R²: 0.6593
Epoch 278/1000
Train Loss: 0.000161, Train R²: 0.6788, Val Loss: 0.000173, Val R²: 0.6594
Epoch 279/1000
Train Loss: 0.000161, Train R²: 0.6788, Val Loss: 0.000173, Val R²: 0.6593
Epoch 280/1000
Train Loss: 0.000161, Train R²: 0.6788, Val Loss: 0.000173, Val R²: 0.6594
Epoch 281/1000
Train Loss: 0.000161, Train R²: 0.6787, Val Loss: 0.000173, Val R²: 0.6593
Epoch 282/1000
Train Loss: 0.000161, Train R²: 0.6788, Val Loss: 0.000173, Val R²: 0.6593
Epoch 283/1000
Train Loss: 0.000161, Train R²: 0.6788, Val Loss: 0.000173, Val R²: 0.6593
Epoch 284/1000
Train Loss: 0.000161, Train R²: 0.6787, Val Loss: 0.000173, Val R²: 0.6593
Epoch 285/1000
Train Loss: 0.000161, Train R²: 0.6788, Val Loss: 0.000173, Val R²: 0.6593
Epoch 286/1000
Train Loss: 0.000161, Train R²: 0.6788, Val Loss: 0.000173, Val R²: 0.6594
Epoch 287/1000
Train Loss: 0.000161, Train R²: 0.6788, Val Loss: 0.000173, Val R²: 0.6594
Epoch 288/1000
Train Loss: 0.000161, Train R²: 0.6787, Val Loss: 0.000173, Val R²: 0.6593
Epoch 289/1000
Train Loss: 0.000161, Train R²: 0.6788, Val Loss: 0.000173, Val R²: 0.6593
Epoch 290/1000
Train Loss: 0.000161, Train R²: 0.6788, Val Loss: 0.000173, Val R²: 0.6593
Epoch 291/1000
Train Loss: 0.000161, Train R²: 0.6788, Val Loss: 0.000173, Val R²: 0.6594
Epoch 292/1000
Train Loss: 0.000161, Train R²: 0.6788, Val Loss: 0.000173, Val R²: 0.6594
Epoch 293/1000
Train Loss: 0.000161, Train R²: 0.6788, Val Loss: 0.000173, Val R²: 0.6594
Epoch 294/1000
Train Loss: 0.000161, Train R²: 0.6788, Val Loss: 0.000173, Val R²: 0.6594
Epoch 295/1000
Train Loss: 0.000161, Train R²: 0.6788, Val Loss: 0.000173, Val R²: 0.6594
Epoch 296/1000
Train Loss: 0.000161, Train R²: 0.6788, Val Loss: 0.000173, Val R²: 0.6594
Epoch 297/1000
Train Loss: 0.000161, Train R²: 0.6788, Val Loss: 0.000173, Val R²: 0.6594
Epoch 298/1000
Train Loss: 0.000161, Train R²: 0.6788, Val Loss: 0.000173, Val R²: 0.6594
Epoch 299/1000
Train Loss: 0.000161, Train R²: 0.6788, Val Loss: 0.000173, Val R²: 0.6594
Epoch 300/1000
Train Loss: 0.000161, Train R²: 0.6788, Val Loss: 0.000173, Val R²: 0.6593
Epoch 301/1000
Train Loss: 0.000161, Train R²: 0.6788, Val Loss: 0.000173, Val R²: 0.6593
Epoch 302/1000
Train Loss: 0.000161, Train R²: 0.6788, Val Loss: 0.000173, Val R²: 0.6593
Epoch 303/1000
Train Loss: 0.000161, Train R²: 0.6788, Val Loss: 0.000173, Val R²: 0.6594
Epoch 304/1000
Train Loss: 0.000161, Train R²: 0.6788, Val Loss: 0.000173, Val R²: 0.6594
Epoch 305/1000
Train Loss: 0.000161, Train R²: 0.6788, Val Loss: 0.000173, Val R²: 0.6594
Epoch 306/1000
Train Loss: 0.000161, Train R²: 0.6788, Val Loss: 0.000173, Val R²: 0.6594
Epoch 307/1000
Train Loss: 0.000161, Train R²: 0.6788, Val Loss: 0.000173, Val R²: 0.6594
Epoch 308/1000
Train Loss: 0.000161, Train R²: 0.6788, Val Loss: 0.000173, Val R²: 0.6594
Epoch 309/1000
Train Loss: 0.000161, Train R²: 0.6788, Val Loss: 0.000173, Val R²: 0.6594
Epoch 310/1000
Train Loss: 0.000161, Train R²: 0.6788, Val Loss: 0.000173, Val R²: 0.6594
Epoch 311/1000
Train Loss: 0.000161, Train R²: 0.6789, Val Loss: 0.000173, Val R²: 0.6594
Epoch 312/1000
Train Loss: 0.000161, Train R²: 0.6789, Val Loss: 0.000173, Val R²: 0.6594
Epoch 313/1000
Train Loss: 0.000161, Train R²: 0.6789, Val Loss: 0.000173, Val R²: 0.6594
Epoch 314/1000
Train Loss: 0.000161, Train R²: 0.6788, Val Loss: 0.000173, Val R²: 0.6594
Epoch 315/1000
Train Loss: 0.000161, Train R²: 0.6788, Val Loss: 0.000173, Val R²: 0.6594
Epoch 316/1000
Train Loss: 0.000161, Train R²: 0.6788, Val Loss: 0.000173, Val R²: 0.6594
Epoch 317/1000
Train Loss: 0.000161, Train R²: 0.6789, Val Loss: 0.000173, Val R²: 0.6594
Epoch 318/1000
Train Loss: 0.000161, Train R²: 0.6788, Val Loss: 0.000173, Val R²: 0.6594
Epoch 319/1000
Train Loss: 0.000161, Train R²: 0.6788, Val Loss: 0.000173, Val R²: 0.6594
Epoch 320/1000
Train Loss: 0.000161, Train R²: 0.6788, Val Loss: 0.000173, Val R²: 0.6594
Epoch 321/1000
Train Loss: 0.000161, Train R²: 0.6789, Val Loss: 0.000173, Val R²: 0.6594
Epoch 322/1000
Train Loss: 0.000161, Train R²: 0.6788, Val Loss: 0.000173, Val R²: 0.6594
Epoch 323/1000
Train Loss: 0.000161, Train R²: 0.6788, Val Loss: 0.000173, Val R²: 0.6594
Epoch 324/1000
Train Loss: 0.000161, Train R²: 0.6789, Val Loss: 0.000173, Val R²: 0.6594
Epoch 325/1000
Train Loss: 0.000161, Train R²: 0.6789, Val Loss: 0.000173, Val R²: 0.6594
Epoch 326/1000
Train Loss: 0.000161, Train R²: 0.6788, Val Loss: 0.000173, Val R²: 0.6594
Epoch 327/1000
Train Loss: 0.000161, Train R²: 0.6788, Val Loss: 0.000173, Val R²: 0.6594
Epoch 328/1000
Train Loss: 0.000161, Train R²: 0.6788, Val Loss: 0.000173, Val R²: 0.6594
Epoch 329/1000
Train Loss: 0.000161, Train R²: 0.6789, Val Loss: 0.000173, Val R²: 0.6594
Epoch 330/1000
Train Loss: 0.000161, Train R²: 0.6788, Val Loss: 0.000173, Val R²: 0.6594
Epoch 331/1000
Train Loss: 0.000161, Train R²: 0.6789, Val Loss: 0.000173, Val R²: 0.6594
Epoch 332/1000
Train Loss: 0.000161, Train R²: 0.6788, Val Loss: 0.000173, Val R²: 0.6594
Epoch 333/1000
Train Loss: 0.000161, Train R²: 0.6789, Val Loss: 0.000173, Val R²: 0.6594
Epoch 334/1000
Train Loss: 0.000161, Train R²: 0.6789, Val Loss: 0.000173, Val R²: 0.6594
Epoch 335/1000
Train Loss: 0.000161, Train R²: 0.6789, Val Loss: 0.000173, Val R²: 0.6594
Epoch 336/1000
Train Loss: 0.000161, Train R²: 0.6788, Val Loss: 0.000173, Val R²: 0.6594
Epoch 337/1000
Train Loss: 0.000161, Train R²: 0.6789, Val Loss: 0.000173, Val R²: 0.6594
Epoch 338/1000
Train Loss: 0.000161, Train R²: 0.6789, Val Loss: 0.000173, Val R²: 0.6594
Epoch 339/1000
Train Loss: 0.000161, Train R²: 0.6789, Val Loss: 0.000173, Val R²: 0.6594
Epoch 340/1000
Train Loss: 0.000161, Train R²: 0.6789, Val Loss: 0.000173, Val R²: 0.6595
Epoch 341/1000
Train Loss: 0.000161, Train R²: 0.6789, Val Loss: 0.000173, Val R²: 0.6594
Epoch 342/1000
Train Loss: 0.000161, Train R²: 0.6789, Val Loss: 0.000173, Val R²: 0.6594
Epoch 343/1000
Train Loss: 0.000161, Train R²: 0.6789, Val Loss: 0.000173, Val R²: 0.6595
Epoch 344/1000
Train Loss: 0.000161, Train R²: 0.6789, Val Loss: 0.000173, Val R²: 0.6595
Epoch 345/1000
Train Loss: 0.000161, Train R²: 0.6789, Val Loss: 0.000173, Val R²: 0.6595
Epoch 346/1000
Train Loss: 0.000161, Train R²: 0.6789, Val Loss: 0.000173, Val R²: 0.6595
Epoch 347/1000
Train Loss: 0.000161, Train R²: 0.6789, Val Loss: 0.000173, Val R²: 0.6595
Epoch 348/1000
Train Loss: 0.000161, Train R²: 0.6789, Val Loss: 0.000173, Val R²: 0.6595
Epoch 349/1000
Train Loss: 0.000161, Train R²: 0.6789, Val Loss: 0.000173, Val R²: 0.6595
Epoch 350/1000
Train Loss: 0.000161, Train R²: 0.6789, Val Loss: 0.000173, Val R²: 0.6595
Epoch 351/1000
Train Loss: 0.000161, Train R²: 0.6789, Val Loss: 0.000173, Val R²: 0.6594
Epoch 352/1000
Train Loss: 0.000161, Train R²: 0.6789, Val Loss: 0.000173, Val R²: 0.6595
Epoch 353/1000
Train Loss: 0.000161, Train R²: 0.6789, Val Loss: 0.000173, Val R²: 0.6595
Epoch 354/1000
Train Loss: 0.000161, Train R²: 0.6789, Val Loss: 0.000173, Val R²: 0.6594
Epoch 355/1000
Train Loss: 0.000161, Train R²: 0.6789, Val Loss: 0.000173, Val R²: 0.6594
Epoch 356/1000
Train Loss: 0.000161, Train R²: 0.6789, Val Loss: 0.000173, Val R²: 0.6594
Epoch 357/1000
Train Loss: 0.000161, Train R²: 0.6789, Val Loss: 0.000173, Val R²: 0.6595
Epoch 358/1000
Train Loss: 0.000161, Train R²: 0.6789, Val Loss: 0.000173, Val R²: 0.6594
Epoch 359/1000
Train Loss: 0.000161, Train R²: 0.6789, Val Loss: 0.000173, Val R²: 0.6595
Epoch 360/1000
Train Loss: 0.000161, Train R²: 0.6789, Val Loss: 0.000173, Val R²: 0.6595
Epoch 361/1000
Train Loss: 0.000161, Train R²: 0.6789, Val Loss: 0.000173, Val R²: 0.6595
Epoch 362/1000
Train Loss: 0.000161, Train R²: 0.6790, Val Loss: 0.000173, Val R²: 0.6595
Epoch 363/1000
Train Loss: 0.000161, Train R²: 0.6789, Val Loss: 0.000173, Val R²: 0.6595
Epoch 364/1000
Train Loss: 0.000161, Train R²: 0.6789, Val Loss: 0.000173, Val R²: 0.6595
Epoch 365/1000
Train Loss: 0.000161, Train R²: 0.6789, Val Loss: 0.000173, Val R²: 0.6595
Epoch 366/1000
Train Loss: 0.000161, Train R²: 0.6789, Val Loss: 0.000173, Val R²: 0.6595
Epoch 367/1000
Train Loss: 0.000161, Train R²: 0.6790, Val Loss: 0.000173, Val R²: 0.6594
Epoch 368/1000
Train Loss: 0.000161, Train R²: 0.6790, Val Loss: 0.000173, Val R²: 0.6595
Epoch 369/1000
Train Loss: 0.000161, Train R²: 0.6789, Val Loss: 0.000173, Val R²: 0.6595
Epoch 370/1000
Train Loss: 0.000161, Train R²: 0.6790, Val Loss: 0.000173, Val R²: 0.6595
Epoch 371/1000
Train Loss: 0.000161, Train R²: 0.6789, Val Loss: 0.000173, Val R²: 0.6595
Epoch 372/1000
Train Loss: 0.000161, Train R²: 0.6790, Val Loss: 0.000173, Val R²: 0.6595
Epoch 373/1000
Train Loss: 0.000161, Train R²: 0.6789, Val Loss: 0.000173, Val R²: 0.6595
Epoch 374/1000
Train Loss: 0.000161, Train R²: 0.6789, Val Loss: 0.000173, Val R²: 0.6595
Epoch 375/1000
Train Loss: 0.000161, Train R²: 0.6789, Val Loss: 0.000173, Val R²: 0.6596
Epoch 376/1000
Train Loss: 0.000161, Train R²: 0.6790, Val Loss: 0.000173, Val R²: 0.6595
Epoch 377/1000
Train Loss: 0.000161, Train R²: 0.6790, Val Loss: 0.000173, Val R²: 0.6595
Epoch 378/1000
Train Loss: 0.000161, Train R²: 0.6790, Val Loss: 0.000173, Val R²: 0.6595
Epoch 379/1000
Train Loss: 0.000161, Train R²: 0.6789, Val Loss: 0.000173, Val R²: 0.6595
Epoch 380/1000
Train Loss: 0.000161, Train R²: 0.6789, Val Loss: 0.000173, Val R²: 0.6595
Epoch 381/1000
Train Loss: 0.000161, Train R²: 0.6790, Val Loss: 0.000173, Val R²: 0.6595
Epoch 382/1000
Train Loss: 0.000161, Train R²: 0.6790, Val Loss: 0.000173, Val R²: 0.6595
Epoch 383/1000
Train Loss: 0.000161, Train R²: 0.6790, Val Loss: 0.000173, Val R²: 0.6595
Epoch 384/1000
Train Loss: 0.000161, Train R²: 0.6789, Val Loss: 0.000173, Val R²: 0.6595
Epoch 385/1000
Train Loss: 0.000161, Train R²: 0.6789, Val Loss: 0.000173, Val R²: 0.6595
Epoch 386/1000
Train Loss: 0.000161, Train R²: 0.6789, Val Loss: 0.000173, Val R²: 0.6595
Epoch 387/1000
Train Loss: 0.000161, Train R²: 0.6789, Val Loss: 0.000173, Val R²: 0.6595
Epoch 388/1000
Train Loss: 0.000161, Train R²: 0.6790, Val Loss: 0.000173, Val R²: 0.6595
Epoch 389/1000
Train Loss: 0.000161, Train R²: 0.6790, Val Loss: 0.000173, Val R²: 0.6595
Epoch 390/1000
Train Loss: 0.000161, Train R²: 0.6789, Val Loss: 0.000173, Val R²: 0.6595
Epoch 391/1000
Train Loss: 0.000161, Train R²: 0.6790, Val Loss: 0.000173, Val R²: 0.6596
Epoch 392/1000
Train Loss: 0.000161, Train R²: 0.6790, Val Loss: 0.000173, Val R²: 0.6595
Epoch 393/1000
Train Loss: 0.000161, Train R²: 0.6789, Val Loss: 0.000173, Val R²: 0.6595
Epoch 394/1000
Train Loss: 0.000161, Train R²: 0.6789, Val Loss: 0.000173, Val R²: 0.6595
Epoch 395/1000
Train Loss: 0.000161, Train R²: 0.6790, Val Loss: 0.000173, Val R²: 0.6595
Epoch 396/1000
Train Loss: 0.000161, Train R²: 0.6790, Val Loss: 0.000173, Val R²: 0.6595
Epoch 397/1000
Train Loss: 0.000161, Train R²: 0.6791, Val Loss: 0.000173, Val R²: 0.6595
Epoch 398/1000
Train Loss: 0.000161, Train R²: 0.6790, Val Loss: 0.000173, Val R²: 0.6595
Epoch 399/1000
Train Loss: 0.000161, Train R²: 0.6790, Val Loss: 0.000173, Val R²: 0.6595
Epoch 400/1000
Train Loss: 0.000161, Train R²: 0.6790, Val Loss: 0.000173, Val R²: 0.6596
Epoch 401/1000
Train Loss: 0.000161, Train R²: 0.6790, Val Loss: 0.000173, Val R²: 0.6596
Epoch 402/1000
Train Loss: 0.000161, Train R²: 0.6790, Val Loss: 0.000173, Val R²: 0.6595
Epoch 403/1000
Train Loss: 0.000161, Train R²: 0.6790, Val Loss: 0.000173, Val R²: 0.6595
Epoch 404/1000
Train Loss: 0.000161, Train R²: 0.6790, Val Loss: 0.000173, Val R²: 0.6595
Epoch 405/1000
Train Loss: 0.000161, Train R²: 0.6790, Val Loss: 0.000173, Val R²: 0.6596
Epoch 406/1000
Train Loss: 0.000161, Train R²: 0.6790, Val Loss: 0.000173, Val R²: 0.6595
Epoch 407/1000
Train Loss: 0.000161, Train R²: 0.6790, Val Loss: 0.000173, Val R²: 0.6595
Epoch 408/1000
Train Loss: 0.000161, Train R²: 0.6790, Val Loss: 0.000173, Val R²: 0.6595
Epoch 409/1000
Train Loss: 0.000161, Train R²: 0.6790, Val Loss: 0.000173, Val R²: 0.6596
Epoch 410/1000
Train Loss: 0.000161, Train R²: 0.6790, Val Loss: 0.000173, Val R²: 0.6596
Epoch 411/1000
Train Loss: 0.000161, Train R²: 0.6790, Val Loss: 0.000173, Val R²: 0.6596
Epoch 412/1000
Train Loss: 0.000161, Train R²: 0.6790, Val Loss: 0.000173, Val R²: 0.6596
Epoch 413/1000
Train Loss: 0.000161, Train R²: 0.6790, Val Loss: 0.000173, Val R²: 0.6596
Epoch 414/1000
Train Loss: 0.000161, Train R²: 0.6791, Val Loss: 0.000173, Val R²: 0.6596
Epoch 415/1000
Train Loss: 0.000161, Train R²: 0.6790, Val Loss: 0.000173, Val R²: 0.6595
Epoch 416/1000
Train Loss: 0.000161, Train R²: 0.6790, Val Loss: 0.000173, Val R²: 0.6596
Epoch 417/1000
Train Loss: 0.000161, Train R²: 0.6790, Val Loss: 0.000173, Val R²: 0.6595
Epoch 418/1000
Train Loss: 0.000161, Train R²: 0.6790, Val Loss: 0.000173, Val R²: 0.6596
Epoch 419/1000
Train Loss: 0.000161, Train R²: 0.6790, Val Loss: 0.000173, Val R²: 0.6596
Epoch 420/1000
Train Loss: 0.000161, Train R²: 0.6790, Val Loss: 0.000173, Val R²: 0.6596
Epoch 421/1000
Train Loss: 0.000161, Train R²: 0.6791, Val Loss: 0.000173, Val R²: 0.6596
Epoch 422/1000
Train Loss: 0.000161, Train R²: 0.6790, Val Loss: 0.000173, Val R²: 0.6596
Epoch 423/1000
Train Loss: 0.000161, Train R²: 0.6790, Val Loss: 0.000173, Val R²: 0.6596
Epoch 424/1000
Train Loss: 0.000161, Train R²: 0.6791, Val Loss: 0.000173, Val R²: 0.6596
Epoch 425/1000
Train Loss: 0.000161, Train R²: 0.6791, Val Loss: 0.000173, Val R²: 0.6596
Epoch 426/1000
Train Loss: 0.000161, Train R²: 0.6790, Val Loss: 0.000173, Val R²: 0.6596
Epoch 427/1000
Train Loss: 0.000161, Train R²: 0.6790, Val Loss: 0.000173, Val R²: 0.6596
Epoch 428/1000
Train Loss: 0.000161, Train R²: 0.6791, Val Loss: 0.000173, Val R²: 0.6596
Epoch 429/1000
Train Loss: 0.000161, Train R²: 0.6791, Val Loss: 0.000173, Val R²: 0.6596
Epoch 430/1000
Train Loss: 0.000161, Train R²: 0.6791, Val Loss: 0.000173, Val R²: 0.6596
Epoch 431/1000
Train Loss: 0.000161, Train R²: 0.6791, Val Loss: 0.000173, Val R²: 0.6596
Epoch 432/1000
Train Loss: 0.000161, Train R²: 0.6791, Val Loss: 0.000173, Val R²: 0.6596
Epoch 433/1000
Train Loss: 0.000161, Train R²: 0.6791, Val Loss: 0.000173, Val R²: 0.6596
Epoch 434/1000
Train Loss: 0.000161, Train R²: 0.6791, Val Loss: 0.000173, Val R²: 0.6596
Epoch 435/1000
Train Loss: 0.000161, Train R²: 0.6791, Val Loss: 0.000173, Val R²: 0.6595
Epoch 436/1000
Train Loss: 0.000161, Train R²: 0.6790, Val Loss: 0.000173, Val R²: 0.6596
Epoch 437/1000
Train Loss: 0.000161, Train R²: 0.6790, Val Loss: 0.000173, Val R²: 0.6596
Epoch 438/1000
Train Loss: 0.000161, Train R²: 0.6791, Val Loss: 0.000173, Val R²: 0.6596
Epoch 439/1000
Train Loss: 0.000161, Train R²: 0.6790, Val Loss: 0.000173, Val R²: 0.6596
Epoch 440/1000
Train Loss: 0.000161, Train R²: 0.6791, Val Loss: 0.000173, Val R²: 0.6596
Epoch 441/1000
Train Loss: 0.000161, Train R²: 0.6791, Val Loss: 0.000173, Val R²: 0.6596
Epoch 442/1000
Train Loss: 0.000161, Train R²: 0.6790, Val Loss: 0.000173, Val R²: 0.6596
Epoch 443/1000
Train Loss: 0.000161, Train R²: 0.6791, Val Loss: 0.000173, Val R²: 0.6596
Epoch 444/1000
Train Loss: 0.000161, Train R²: 0.6791, Val Loss: 0.000173, Val R²: 0.6596
Epoch 445/1000
Train Loss: 0.000161, Train R²: 0.6791, Val Loss: 0.000173, Val R²: 0.6596
Epoch 446/1000
Train Loss: 0.000161, Train R²: 0.6791, Val Loss: 0.000173, Val R²: 0.6596
Epoch 447/1000
Train Loss: 0.000161, Train R²: 0.6791, Val Loss: 0.000173, Val R²: 0.6596
Epoch 448/1000
Train Loss: 0.000161, Train R²: 0.6791, Val Loss: 0.000173, Val R²: 0.6596
Epoch 449/1000
Train Loss: 0.000161, Train R²: 0.6791, Val Loss: 0.000173, Val R²: 0.6596
Epoch 450/1000
Train Loss: 0.000161, Train R²: 0.6791, Val Loss: 0.000173, Val R²: 0.6596
Epoch 451/1000
Train Loss: 0.000161, Train R²: 0.6791, Val Loss: 0.000173, Val R²: 0.6596
Epoch 452/1000
Train Loss: 0.000161, Train R²: 0.6791, Val Loss: 0.000173, Val R²: 0.6596
Epoch 453/1000
Train Loss: 0.000161, Train R²: 0.6791, Val Loss: 0.000173, Val R²: 0.6596
Epoch 454/1000
Train Loss: 0.000161, Train R²: 0.6791, Val Loss: 0.000173, Val R²: 0.6596
Epoch 455/1000
Train Loss: 0.000161, Train R²: 0.6791, Val Loss: 0.000173, Val R²: 0.6596
Epoch 456/1000
Train Loss: 0.000161, Train R²: 0.6791, Val Loss: 0.000173, Val R²: 0.6596
Epoch 457/1000
Train Loss: 0.000161, Train R²: 0.6791, Val Loss: 0.000173, Val R²: 0.6596
Epoch 458/1000
Train Loss: 0.000161, Train R²: 0.6791, Val Loss: 0.000173, Val R²: 0.6596
Epoch 459/1000
Train Loss: 0.000161, Train R²: 0.6791, Val Loss: 0.000173, Val R²: 0.6597
Epoch 460/1000
Train Loss: 0.000161, Train R²: 0.6791, Val Loss: 0.000173, Val R²: 0.6596
Epoch 461/1000
Train Loss: 0.000161, Train R²: 0.6791, Val Loss: 0.000173, Val R²: 0.6596
Epoch 462/1000
Train Loss: 0.000161, Train R²: 0.6792, Val Loss: 0.000173, Val R²: 0.6596
Epoch 463/1000
Train Loss: 0.000161, Train R²: 0.6791, Val Loss: 0.000173, Val R²: 0.6596
Epoch 464/1000
Train Loss: 0.000161, Train R²: 0.6792, Val Loss: 0.000173, Val R²: 0.6596
Epoch 465/1000
Train Loss: 0.000161, Train R²: 0.6791, Val Loss: 0.000173, Val R²: 0.6596
Epoch 466/1000
Train Loss: 0.000161, Train R²: 0.6791, Val Loss: 0.000173, Val R²: 0.6597
Epoch 467/1000
Train Loss: 0.000161, Train R²: 0.6791, Val Loss: 0.000173, Val R²: 0.6596
Epoch 468/1000
Train Loss: 0.000161, Train R²: 0.6791, Val Loss: 0.000173, Val R²: 0.6597
Epoch 469/1000
Train Loss: 0.000161, Train R²: 0.6792, Val Loss: 0.000173, Val R²: 0.6596
Epoch 470/1000
Train Loss: 0.000161, Train R²: 0.6791, Val Loss: 0.000173, Val R²: 0.6596
Epoch 471/1000
Train Loss: 0.000161, Train R²: 0.6791, Val Loss: 0.000173, Val R²: 0.6597
Epoch 472/1000
Train Loss: 0.000161, Train R²: 0.6791, Val Loss: 0.000173, Val R²: 0.6597
Epoch 473/1000
Train Loss: 0.000161, Train R²: 0.6791, Val Loss: 0.000173, Val R²: 0.6596
Epoch 474/1000
Train Loss: 0.000161, Train R²: 0.6791, Val Loss: 0.000173, Val R²: 0.6597
Epoch 475/1000
Train Loss: 0.000161, Train R²: 0.6791, Val Loss: 0.000173, Val R²: 0.6596
Epoch 476/1000
Train Loss: 0.000161, Train R²: 0.6792, Val Loss: 0.000173, Val R²: 0.6596
Epoch 477/1000
Train Loss: 0.000161, Train R²: 0.6792, Val Loss: 0.000173, Val R²: 0.6596
Epoch 478/1000
Train Loss: 0.000161, Train R²: 0.6791, Val Loss: 0.000173, Val R²: 0.6597
Epoch 479/1000
Train Loss: 0.000161, Train R²: 0.6791, Val Loss: 0.000173, Val R²: 0.6596
Epoch 480/1000
Train Loss: 0.000161, Train R²: 0.6791, Val Loss: 0.000173, Val R²: 0.6596
Epoch 481/1000
Train Loss: 0.000161, Train R²: 0.6792, Val Loss: 0.000173, Val R²: 0.6597
Epoch 482/1000
Train Loss: 0.000161, Train R²: 0.6792, Val Loss: 0.000173, Val R²: 0.6596
Epoch 483/1000
Train Loss: 0.000161, Train R²: 0.6792, Val Loss: 0.000173, Val R²: 0.6597
Epoch 484/1000
Train Loss: 0.000161, Train R²: 0.6791, Val Loss: 0.000173, Val R²: 0.6597
Epoch 485/1000
Train Loss: 0.000161, Train R²: 0.6792, Val Loss: 0.000173, Val R²: 0.6597
Epoch 486/1000
Train Loss: 0.000161, Train R²: 0.6792, Val Loss: 0.000173, Val R²: 0.6597
Epoch 487/1000
Train Loss: 0.000161, Train R²: 0.6791, Val Loss: 0.000173, Val R²: 0.6597
Epoch 488/1000
Train Loss: 0.000161, Train R²: 0.6791, Val Loss: 0.000173, Val R²: 0.6597
Epoch 489/1000
Train Loss: 0.000161, Train R²: 0.6792, Val Loss: 0.000173, Val R²: 0.6597
Epoch 490/1000
Train Loss: 0.000161, Train R²: 0.6792, Val Loss: 0.000173, Val R²: 0.6597
Epoch 491/1000
Train Loss: 0.000161, Train R²: 0.6791, Val Loss: 0.000173, Val R²: 0.6597
Epoch 492/1000
Train Loss: 0.000161, Train R²: 0.6792, Val Loss: 0.000173, Val R²: 0.6597
Epoch 493/1000
Train Loss: 0.000161, Train R²: 0.6792, Val Loss: 0.000173, Val R²: 0.6597
Epoch 494/1000
Train Loss: 0.000161, Train R²: 0.6792, Val Loss: 0.000173, Val R²: 0.6597
Epoch 495/1000
Train Loss: 0.000161, Train R²: 0.6792, Val Loss: 0.000173, Val R²: 0.6597
Epoch 496/1000
Train Loss: 0.000161, Train R²: 0.6792, Val Loss: 0.000173, Val R²: 0.6597
Epoch 497/1000
Train Loss: 0.000161, Train R²: 0.6792, Val Loss: 0.000173, Val R²: 0.6597
Epoch 498/1000
Train Loss: 0.000161, Train R²: 0.6792, Val Loss: 0.000173, Val R²: 0.6597
Epoch 499/1000
Train Loss: 0.000161, Train R²: 0.6792, Val Loss: 0.000173, Val R²: 0.6597
Epoch 500/1000
Train Loss: 0.000161, Train R²: 0.6792, Val Loss: 0.000173, Val R²: 0.6597
Epoch 501/1000
Train Loss: 0.000161, Train R²: 0.6792, Val Loss: 0.000173, Val R²: 0.6597
Epoch 502/1000
Train Loss: 0.000161, Train R²: 0.6792, Val Loss: 0.000173, Val R²: 0.6597
Epoch 503/1000
Train Loss: 0.000161, Train R²: 0.6792, Val Loss: 0.000173, Val R²: 0.6597
Epoch 504/1000
Train Loss: 0.000161, Train R²: 0.6792, Val Loss: 0.000173, Val R²: 0.6597
Epoch 505/1000
Train Loss: 0.000161, Train R²: 0.6792, Val Loss: 0.000173, Val R²: 0.6597
Epoch 506/1000
Train Loss: 0.000161, Train R²: 0.6792, Val Loss: 0.000173, Val R²: 0.6597
Epoch 507/1000
Train Loss: 0.000161, Train R²: 0.6792, Val Loss: 0.000173, Val R²: 0.6597
Epoch 508/1000
Train Loss: 0.000161, Train R²: 0.6792, Val Loss: 0.000173, Val R²: 0.6597
Epoch 509/1000
Train Loss: 0.000161, Train R²: 0.6792, Val Loss: 0.000173, Val R²: 0.6597
Epoch 510/1000
Train Loss: 0.000161, Train R²: 0.6792, Val Loss: 0.000173, Val R²: 0.6597
Epoch 511/1000
Train Loss: 0.000161, Train R²: 0.6792, Val Loss: 0.000173, Val R²: 0.6597
Epoch 512/1000
Train Loss: 0.000161, Train R²: 0.6792, Val Loss: 0.000173, Val R²: 0.6597
Epoch 513/1000
Train Loss: 0.000161, Train R²: 0.6792, Val Loss: 0.000173, Val R²: 0.6597
Epoch 514/1000
Train Loss: 0.000161, Train R²: 0.6792, Val Loss: 0.000173, Val R²: 0.6597
Epoch 515/1000
Train Loss: 0.000161, Train R²: 0.6792, Val Loss: 0.000173, Val R²: 0.6597
Epoch 516/1000
Train Loss: 0.000161, Train R²: 0.6792, Val Loss: 0.000173, Val R²: 0.6597
Epoch 517/1000
Train Loss: 0.000161, Train R²: 0.6792, Val Loss: 0.000173, Val R²: 0.6597
Epoch 518/1000
Train Loss: 0.000161, Train R²: 0.6792, Val Loss: 0.000173, Val R²: 0.6597
Epoch 519/1000
Train Loss: 0.000161, Train R²: 0.6792, Val Loss: 0.000173, Val R²: 0.6597
Epoch 520/1000
Train Loss: 0.000161, Train R²: 0.6792, Val Loss: 0.000173, Val R²: 0.6597
Epoch 521/1000
Train Loss: 0.000161, Train R²: 0.6792, Val Loss: 0.000173, Val R²: 0.6597
Epoch 522/1000
Train Loss: 0.000161, Train R²: 0.6793, Val Loss: 0.000173, Val R²: 0.6598
Epoch 523/1000
Train Loss: 0.000161, Train R²: 0.6792, Val Loss: 0.000173, Val R²: 0.6598
Epoch 524/1000
Train Loss: 0.000161, Train R²: 0.6793, Val Loss: 0.000173, Val R²: 0.6597
Epoch 525/1000
Train Loss: 0.000161, Train R²: 0.6792, Val Loss: 0.000173, Val R²: 0.6597
Epoch 526/1000
Train Loss: 0.000161, Train R²: 0.6792, Val Loss: 0.000173, Val R²: 0.6597
Epoch 527/1000
Train Loss: 0.000161, Train R²: 0.6792, Val Loss: 0.000173, Val R²: 0.6597
Epoch 528/1000
Train Loss: 0.000161, Train R²: 0.6792, Val Loss: 0.000173, Val R²: 0.6597
Epoch 529/1000
Train Loss: 0.000161, Train R²: 0.6792, Val Loss: 0.000173, Val R²: 0.6597
Epoch 530/1000
Train Loss: 0.000161, Train R²: 0.6792, Val Loss: 0.000173, Val R²: 0.6597
Epoch 531/1000
Train Loss: 0.000161, Train R²: 0.6793, Val Loss: 0.000173, Val R²: 0.6598
Epoch 532/1000
Train Loss: 0.000161, Train R²: 0.6793, Val Loss: 0.000173, Val R²: 0.6597
Epoch 533/1000
Train Loss: 0.000161, Train R²: 0.6793, Val Loss: 0.000173, Val R²: 0.6597
Epoch 534/1000
Train Loss: 0.000161, Train R²: 0.6792, Val Loss: 0.000173, Val R²: 0.6598
Epoch 535/1000
Train Loss: 0.000161, Train R²: 0.6792, Val Loss: 0.000173, Val R²: 0.6598
Epoch 536/1000
Train Loss: 0.000161, Train R²: 0.6793, Val Loss: 0.000173, Val R²: 0.6598
Epoch 537/1000
Train Loss: 0.000161, Train R²: 0.6792, Val Loss: 0.000173, Val R²: 0.6597
Epoch 538/1000
Train Loss: 0.000161, Train R²: 0.6792, Val Loss: 0.000173, Val R²: 0.6597
Epoch 539/1000
Train Loss: 0.000161, Train R²: 0.6792, Val Loss: 0.000173, Val R²: 0.6597
Epoch 540/1000
Train Loss: 0.000161, Train R²: 0.6792, Val Loss: 0.000173, Val R²: 0.6598
Epoch 541/1000
Train Loss: 0.000161, Train R²: 0.6793, Val Loss: 0.000173, Val R²: 0.6598
Epoch 542/1000
Train Loss: 0.000161, Train R²: 0.6793, Val Loss: 0.000173, Val R²: 0.6598
Epoch 543/1000
Train Loss: 0.000161, Train R²: 0.6793, Val Loss: 0.000173, Val R²: 0.6598
Epoch 544/1000
Train Loss: 0.000161, Train R²: 0.6792, Val Loss: 0.000173, Val R²: 0.6598
Epoch 545/1000
Train Loss: 0.000161, Train R²: 0.6793, Val Loss: 0.000173, Val R²: 0.6598
Epoch 546/1000
Train Loss: 0.000161, Train R²: 0.6792, Val Loss: 0.000173, Val R²: 0.6597
Epoch 547/1000
Train Loss: 0.000161, Train R²: 0.6793, Val Loss: 0.000173, Val R²: 0.6598
Epoch 548/1000
Train Loss: 0.000161, Train R²: 0.6792, Val Loss: 0.000173, Val R²: 0.6598
Epoch 549/1000
Train Loss: 0.000161, Train R²: 0.6793, Val Loss: 0.000173, Val R²: 0.6598
Epoch 550/1000
Train Loss: 0.000161, Train R²: 0.6793, Val Loss: 0.000173, Val R²: 0.6598
Epoch 551/1000
Train Loss: 0.000161, Train R²: 0.6793, Val Loss: 0.000173, Val R²: 0.6598
Epoch 552/1000
Train Loss: 0.000161, Train R²: 0.6793, Val Loss: 0.000173, Val R²: 0.6598
Epoch 553/1000
Train Loss: 0.000161, Train R²: 0.6793, Val Loss: 0.000173, Val R²: 0.6598
Epoch 554/1000
Train Loss: 0.000161, Train R²: 0.6793, Val Loss: 0.000173, Val R²: 0.6598
Epoch 555/1000
Train Loss: 0.000161, Train R²: 0.6793, Val Loss: 0.000173, Val R²: 0.6598
Epoch 556/1000
Train Loss: 0.000161, Train R²: 0.6793, Val Loss: 0.000173, Val R²: 0.6598
Epoch 557/1000
Train Loss: 0.000161, Train R²: 0.6793, Val Loss: 0.000173, Val R²: 0.6598
Epoch 558/1000
Train Loss: 0.000161, Train R²: 0.6793, Val Loss: 0.000173, Val R²: 0.6598
Epoch 559/1000
Train Loss: 0.000161, Train R²: 0.6793, Val Loss: 0.000173, Val R²: 0.6598
Epoch 560/1000
Train Loss: 0.000161, Train R²: 0.6793, Val Loss: 0.000173, Val R²: 0.6598
Epoch 561/1000
Train Loss: 0.000161, Train R²: 0.6792, Val Loss: 0.000173, Val R²: 0.6598
Epoch 562/1000
Train Loss: 0.000161, Train R²: 0.6793, Val Loss: 0.000173, Val R²: 0.6598
Epoch 563/1000
Train Loss: 0.000161, Train R²: 0.6793, Val Loss: 0.000173, Val R²: 0.6598
Epoch 564/1000
Train Loss: 0.000161, Train R²: 0.6793, Val Loss: 0.000173, Val R²: 0.6598
Epoch 565/1000
Train Loss: 0.000161, Train R²: 0.6793, Val Loss: 0.000173, Val R²: 0.6598
Epoch 566/1000
Train Loss: 0.000161, Train R²: 0.6793, Val Loss: 0.000173, Val R²: 0.6598
Epoch 567/1000
Train Loss: 0.000161, Train R²: 0.6793, Val Loss: 0.000173, Val R²: 0.6598
Epoch 568/1000
Train Loss: 0.000161, Train R²: 0.6793, Val Loss: 0.000173, Val R²: 0.6598
Epoch 569/1000
Train Loss: 0.000161, Train R²: 0.6794, Val Loss: 0.000173, Val R²: 0.6598
Epoch 570/1000
Train Loss: 0.000161, Train R²: 0.6793, Val Loss: 0.000173, Val R²: 0.6598
Epoch 571/1000
Train Loss: 0.000161, Train R²: 0.6793, Val Loss: 0.000173, Val R²: 0.6598
Epoch 572/1000
Train Loss: 0.000161, Train R²: 0.6793, Val Loss: 0.000173, Val R²: 0.6598
Epoch 573/1000
Train Loss: 0.000161, Train R²: 0.6793, Val Loss: 0.000173, Val R²: 0.6598
Epoch 574/1000
Train Loss: 0.000161, Train R²: 0.6793, Val Loss: 0.000173, Val R²: 0.6598
Epoch 575/1000
Train Loss: 0.000161, Train R²: 0.6793, Val Loss: 0.000173, Val R²: 0.6598
Epoch 576/1000
Train Loss: 0.000161, Train R²: 0.6794, Val Loss: 0.000173, Val R²: 0.6598
Epoch 577/1000
Train Loss: 0.000161, Train R²: 0.6793, Val Loss: 0.000173, Val R²: 0.6598
Epoch 578/1000
Train Loss: 0.000161, Train R²: 0.6793, Val Loss: 0.000173, Val R²: 0.6599
Epoch 579/1000
Train Loss: 0.000161, Train R²: 0.6793, Val Loss: 0.000173, Val R²: 0.6598
Epoch 580/1000
Train Loss: 0.000161, Train R²: 0.6793, Val Loss: 0.000173, Val R²: 0.6598
Epoch 581/1000
Train Loss: 0.000161, Train R²: 0.6793, Val Loss: 0.000173, Val R²: 0.6598
Epoch 582/1000
Train Loss: 0.000161, Train R²: 0.6793, Val Loss: 0.000173, Val R²: 0.6599
Epoch 583/1000
Train Loss: 0.000161, Train R²: 0.6794, Val Loss: 0.000173, Val R²: 0.6598
Epoch 584/1000
Train Loss: 0.000161, Train R²: 0.6794, Val Loss: 0.000173, Val R²: 0.6598
Epoch 585/1000
Train Loss: 0.000161, Train R²: 0.6793, Val Loss: 0.000173, Val R²: 0.6598
Epoch 586/1000
Train Loss: 0.000161, Train R²: 0.6793, Val Loss: 0.000173, Val R²: 0.6599
Epoch 587/1000
Train Loss: 0.000161, Train R²: 0.6793, Val Loss: 0.000173, Val R²: 0.6598
Epoch 588/1000
Train Loss: 0.000161, Train R²: 0.6793, Val Loss: 0.000173, Val R²: 0.6598
Epoch 589/1000
Train Loss: 0.000161, Train R²: 0.6794, Val Loss: 0.000173, Val R²: 0.6598
Epoch 590/1000
Train Loss: 0.000161, Train R²: 0.6794, Val Loss: 0.000173, Val R²: 0.6598
Epoch 591/1000
Train Loss: 0.000161, Train R²: 0.6794, Val Loss: 0.000173, Val R²: 0.6599
Epoch 592/1000
Train Loss: 0.000161, Train R²: 0.6794, Val Loss: 0.000173, Val R²: 0.6598
Epoch 593/1000
Train Loss: 0.000161, Train R²: 0.6793, Val Loss: 0.000173, Val R²: 0.6598
Epoch 594/1000
Train Loss: 0.000161, Train R²: 0.6793, Val Loss: 0.000173, Val R²: 0.6598
Epoch 595/1000
Train Loss: 0.000161, Train R²: 0.6794, Val Loss: 0.000173, Val R²: 0.6598
Epoch 596/1000
Train Loss: 0.000161, Train R²: 0.6794, Val Loss: 0.000173, Val R²: 0.6599
Epoch 597/1000
Train Loss: 0.000161, Train R²: 0.6794, Val Loss: 0.000173, Val R²: 0.6599
Epoch 598/1000
Train Loss: 0.000161, Train R²: 0.6793, Val Loss: 0.000173, Val R²: 0.6598
Epoch 599/1000
Train Loss: 0.000161, Train R²: 0.6794, Val Loss: 0.000173, Val R²: 0.6598
Epoch 600/1000
Train Loss: 0.000161, Train R²: 0.6794, Val Loss: 0.000173, Val R²: 0.6598
Epoch 601/1000
Train Loss: 0.000161, Train R²: 0.6793, Val Loss: 0.000173, Val R²: 0.6598
Epoch 602/1000
Train Loss: 0.000161, Train R²: 0.6794, Val Loss: 0.000173, Val R²: 0.6599
Epoch 603/1000
Train Loss: 0.000161, Train R²: 0.6794, Val Loss: 0.000173, Val R²: 0.6598
Epoch 604/1000
Train Loss: 0.000161, Train R²: 0.6794, Val Loss: 0.000173, Val R²: 0.6599
Epoch 605/1000
Train Loss: 0.000161, Train R²: 0.6794, Val Loss: 0.000173, Val R²: 0.6599
Epoch 606/1000
Train Loss: 0.000161, Train R²: 0.6794, Val Loss: 0.000173, Val R²: 0.6598
Epoch 607/1000
Train Loss: 0.000161, Train R²: 0.6794, Val Loss: 0.000173, Val R²: 0.6598
Epoch 608/1000
Train Loss: 0.000161, Train R²: 0.6794, Val Loss: 0.000173, Val R²: 0.6598
Epoch 609/1000
Train Loss: 0.000161, Train R²: 0.6794, Val Loss: 0.000173, Val R²: 0.6598
Epoch 610/1000
Train Loss: 0.000161, Train R²: 0.6794, Val Loss: 0.000173, Val R²: 0.6598
Epoch 611/1000
Train Loss: 0.000161, Train R²: 0.6794, Val Loss: 0.000173, Val R²: 0.6599
Epoch 612/1000
Train Loss: 0.000161, Train R²: 0.6794, Val Loss: 0.000173, Val R²: 0.6599
Epoch 613/1000
Train Loss: 0.000161, Train R²: 0.6794, Val Loss: 0.000173, Val R²: 0.6599
Epoch 614/1000
Train Loss: 0.000161, Train R²: 0.6793, Val Loss: 0.000173, Val R²: 0.6599
Epoch 615/1000
Train Loss: 0.000161, Train R²: 0.6794, Val Loss: 0.000173, Val R²: 0.6599
Epoch 616/1000
Train Loss: 0.000161, Train R²: 0.6794, Val Loss: 0.000173, Val R²: 0.6598
Epoch 617/1000
Train Loss: 0.000161, Train R²: 0.6794, Val Loss: 0.000173, Val R²: 0.6598
Epoch 618/1000
Train Loss: 0.000161, Train R²: 0.6794, Val Loss: 0.000173, Val R²: 0.6599
Epoch 619/1000
Train Loss: 0.000161, Train R²: 0.6794, Val Loss: 0.000173, Val R²: 0.6598
Epoch 620/1000
Train Loss: 0.000161, Train R²: 0.6794, Val Loss: 0.000173, Val R²: 0.6599
Epoch 621/1000
Train Loss: 0.000161, Train R²: 0.6794, Val Loss: 0.000173, Val R²: 0.6599
Epoch 622/1000
Train Loss: 0.000161, Train R²: 0.6794, Val Loss: 0.000173, Val R²: 0.6599
Epoch 623/1000
Train Loss: 0.000161, Train R²: 0.6794, Val Loss: 0.000173, Val R²: 0.6599
Epoch 624/1000
Train Loss: 0.000161, Train R²: 0.6794, Val Loss: 0.000173, Val R²: 0.6599
Epoch 625/1000
Train Loss: 0.000161, Train R²: 0.6794, Val Loss: 0.000173, Val R²: 0.6599
Epoch 626/1000
Train Loss: 0.000161, Train R²: 0.6794, Val Loss: 0.000173, Val R²: 0.6599
Epoch 627/1000
Train Loss: 0.000161, Train R²: 0.6794, Val Loss: 0.000173, Val R²: 0.6599
Epoch 628/1000
Train Loss: 0.000161, Train R²: 0.6794, Val Loss: 0.000173, Val R²: 0.6599
Epoch 629/1000
Train Loss: 0.000161, Train R²: 0.6795, Val Loss: 0.000173, Val R²: 0.6599
Epoch 630/1000
Train Loss: 0.000161, Train R²: 0.6794, Val Loss: 0.000173, Val R²: 0.6598
Epoch 631/1000
Train Loss: 0.000161, Train R²: 0.6794, Val Loss: 0.000173, Val R²: 0.6599
Epoch 632/1000
Train Loss: 0.000161, Train R²: 0.6794, Val Loss: 0.000173, Val R²: 0.6599
Epoch 633/1000
Train Loss: 0.000161, Train R²: 0.6794, Val Loss: 0.000173, Val R²: 0.6599
Epoch 634/1000
Train Loss: 0.000161, Train R²: 0.6794, Val Loss: 0.000173, Val R²: 0.6599
Epoch 635/1000
Train Loss: 0.000161, Train R²: 0.6795, Val Loss: 0.000173, Val R²: 0.6599
Epoch 636/1000
Train Loss: 0.000161, Train R²: 0.6795, Val Loss: 0.000173, Val R²: 0.6599
Epoch 637/1000
Train Loss: 0.000161, Train R²: 0.6795, Val Loss: 0.000173, Val R²: 0.6599
Epoch 638/1000
Train Loss: 0.000161, Train R²: 0.6795, Val Loss: 0.000173, Val R²: 0.6599
Epoch 639/1000
Train Loss: 0.000161, Train R²: 0.6795, Val Loss: 0.000173, Val R²: 0.6599
Epoch 640/1000
Train Loss: 0.000161, Train R²: 0.6794, Val Loss: 0.000173, Val R²: 0.6599
Epoch 641/1000
Train Loss: 0.000161, Train R²: 0.6795, Val Loss: 0.000173, Val R²: 0.6599
Epoch 642/1000
Train Loss: 0.000161, Train R²: 0.6794, Val Loss: 0.000173, Val R²: 0.6599
Epoch 643/1000
Train Loss: 0.000161, Train R²: 0.6795, Val Loss: 0.000173, Val R²: 0.6599
Epoch 644/1000
Train Loss: 0.000161, Train R²: 0.6794, Val Loss: 0.000173, Val R²: 0.6599
Epoch 645/1000
Train Loss: 0.000161, Train R²: 0.6794, Val Loss: 0.000173, Val R²: 0.6599
Epoch 646/1000
Train Loss: 0.000161, Train R²: 0.6795, Val Loss: 0.000173, Val R²: 0.6599
Epoch 647/1000
Train Loss: 0.000161, Train R²: 0.6794, Val Loss: 0.000173, Val R²: 0.6599
Epoch 648/1000
Train Loss: 0.000161, Train R²: 0.6795, Val Loss: 0.000173, Val R²: 0.6599
Epoch 649/1000
Train Loss: 0.000161, Train R²: 0.6795, Val Loss: 0.000173, Val R²: 0.6599
Epoch 650/1000
Train Loss: 0.000161, Train R²: 0.6794, Val Loss: 0.000173, Val R²: 0.6599
Epoch 651/1000
Train Loss: 0.000161, Train R²: 0.6794, Val Loss: 0.000173, Val R²: 0.6599
Epoch 652/1000
Train Loss: 0.000161, Train R²: 0.6795, Val Loss: 0.000173, Val R²: 0.6599
Epoch 653/1000
Train Loss: 0.000161, Train R²: 0.6795, Val Loss: 0.000173, Val R²: 0.6599
Epoch 654/1000
Train Loss: 0.000161, Train R²: 0.6795, Val Loss: 0.000173, Val R²: 0.6599
Epoch 655/1000
Train Loss: 0.000161, Train R²: 0.6794, Val Loss: 0.000173, Val R²: 0.6599
Epoch 656/1000
Train Loss: 0.000161, Train R²: 0.6794, Val Loss: 0.000173, Val R²: 0.6599
Epoch 657/1000
Train Loss: 0.000161, Train R²: 0.6795, Val Loss: 0.000173, Val R²: 0.6600
Epoch 658/1000
Train Loss: 0.000161, Train R²: 0.6795, Val Loss: 0.000173, Val R²: 0.6599
Epoch 659/1000
Train Loss: 0.000161, Train R²: 0.6795, Val Loss: 0.000173, Val R²: 0.6599
Epoch 660/1000
Train Loss: 0.000161, Train R²: 0.6795, Val Loss: 0.000173, Val R²: 0.6599
Epoch 661/1000
Train Loss: 0.000161, Train R²: 0.6795, Val Loss: 0.000173, Val R²: 0.6599
Epoch 662/1000
Train Loss: 0.000161, Train R²: 0.6795, Val Loss: 0.000173, Val R²: 0.6599
Epoch 663/1000
Train Loss: 0.000161, Train R²: 0.6795, Val Loss: 0.000173, Val R²: 0.6599
Epoch 664/1000
Train Loss: 0.000161, Train R²: 0.6794, Val Loss: 0.000173, Val R²: 0.6599
Epoch 665/1000
Train Loss: 0.000161, Train R²: 0.6795, Val Loss: 0.000173, Val R²: 0.6599
Epoch 666/1000
Train Loss: 0.000161, Train R²: 0.6795, Val Loss: 0.000173, Val R²: 0.6599
Epoch 667/1000
Train Loss: 0.000161, Train R²: 0.6795, Val Loss: 0.000173, Val R²: 0.6600
Epoch 668/1000
Train Loss: 0.000161, Train R²: 0.6796, Val Loss: 0.000173, Val R²: 0.6599
Epoch 669/1000
Train Loss: 0.000161, Train R²: 0.6795, Val Loss: 0.000173, Val R²: 0.6600
Epoch 670/1000
Train Loss: 0.000161, Train R²: 0.6795, Val Loss: 0.000173, Val R²: 0.6600
Epoch 671/1000
Train Loss: 0.000161, Train R²: 0.6795, Val Loss: 0.000173, Val R²: 0.6599
Epoch 672/1000
Train Loss: 0.000161, Train R²: 0.6795, Val Loss: 0.000173, Val R²: 0.6600
Epoch 673/1000
Train Loss: 0.000161, Train R²: 0.6795, Val Loss: 0.000173, Val R²: 0.6599
Epoch 674/1000
Train Loss: 0.000161, Train R²: 0.6795, Val Loss: 0.000173, Val R²: 0.6600
Epoch 675/1000
Train Loss: 0.000161, Train R²: 0.6795, Val Loss: 0.000173, Val R²: 0.6600
Epoch 676/1000
Train Loss: 0.000161, Train R²: 0.6795, Val Loss: 0.000173, Val R²: 0.6599
Epoch 677/1000
Train Loss: 0.000161, Train R²: 0.6795, Val Loss: 0.000173, Val R²: 0.6600
Epoch 678/1000
Train Loss: 0.000161, Train R²: 0.6795, Val Loss: 0.000173, Val R²: 0.6599
Epoch 679/1000
Train Loss: 0.000161, Train R²: 0.6795, Val Loss: 0.000173, Val R²: 0.6600
Epoch 680/1000
Train Loss: 0.000161, Train R²: 0.6795, Val Loss: 0.000173, Val R²: 0.6600
Epoch 681/1000
Train Loss: 0.000161, Train R²: 0.6795, Val Loss: 0.000173, Val R²: 0.6600
Epoch 682/1000
Train Loss: 0.000161, Train R²: 0.6795, Val Loss: 0.000173, Val R²: 0.6600
Epoch 683/1000
Train Loss: 0.000161, Train R²: 0.6795, Val Loss: 0.000173, Val R²: 0.6600
Epoch 684/1000
Train Loss: 0.000161, Train R²: 0.6796, Val Loss: 0.000173, Val R²: 0.6600
Epoch 685/1000
Train Loss: 0.000161, Train R²: 0.6795, Val Loss: 0.000173, Val R²: 0.6600
Epoch 686/1000
Train Loss: 0.000161, Train R²: 0.6795, Val Loss: 0.000173, Val R²: 0.6600
Epoch 687/1000
Train Loss: 0.000161, Train R²: 0.6795, Val Loss: 0.000173, Val R²: 0.6600
Epoch 688/1000
Train Loss: 0.000161, Train R²: 0.6795, Val Loss: 0.000173, Val R²: 0.6600
Epoch 689/1000
Train Loss: 0.000161, Train R²: 0.6795, Val Loss: 0.000173, Val R²: 0.6600
Epoch 690/1000
Train Loss: 0.000161, Train R²: 0.6795, Val Loss: 0.000173, Val R²: 0.6600
Epoch 691/1000
Train Loss: 0.000161, Train R²: 0.6795, Val Loss: 0.000173, Val R²: 0.6600
Epoch 692/1000
Train Loss: 0.000161, Train R²: 0.6795, Val Loss: 0.000173, Val R²: 0.6600
Epoch 693/1000
Train Loss: 0.000161, Train R²: 0.6796, Val Loss: 0.000173, Val R²: 0.6600
Epoch 694/1000
Train Loss: 0.000161, Train R²: 0.6795, Val Loss: 0.000173, Val R²: 0.6600
Epoch 695/1000
Train Loss: 0.000161, Train R²: 0.6795, Val Loss: 0.000173, Val R²: 0.6600
Epoch 696/1000
Train Loss: 0.000161, Train R²: 0.6795, Val Loss: 0.000173, Val R²: 0.6600
Epoch 697/1000
Train Loss: 0.000161, Train R²: 0.6795, Val Loss: 0.000173, Val R²: 0.6600
Epoch 698/1000
Train Loss: 0.000161, Train R²: 0.6796, Val Loss: 0.000173, Val R²: 0.6600
Epoch 699/1000
Train Loss: 0.000161, Train R²: 0.6796, Val Loss: 0.000173, Val R²: 0.6600
Epoch 700/1000
Train Loss: 0.000161, Train R²: 0.6795, Val Loss: 0.000173, Val R²: 0.6600
Epoch 701/1000
Train Loss: 0.000161, Train R²: 0.6795, Val Loss: 0.000173, Val R²: 0.6600
Epoch 702/1000
Train Loss: 0.000161, Train R²: 0.6795, Val Loss: 0.000173, Val R²: 0.6600
Epoch 703/1000
Train Loss: 0.000161, Train R²: 0.6796, Val Loss: 0.000173, Val R²: 0.6600
Epoch 704/1000
Train Loss: 0.000161, Train R²: 0.6795, Val Loss: 0.000173, Val R²: 0.6600
Epoch 705/1000
Train Loss: 0.000161, Train R²: 0.6795, Val Loss: 0.000173, Val R²: 0.6600
Epoch 706/1000
Train Loss: 0.000161, Train R²: 0.6796, Val Loss: 0.000173, Val R²: 0.6600
Epoch 707/1000
Train Loss: 0.000161, Train R²: 0.6795, Val Loss: 0.000173, Val R²: 0.6600
Epoch 708/1000
Train Loss: 0.000161, Train R²: 0.6796, Val Loss: 0.000173, Val R²: 0.6600
Epoch 709/1000
Train Loss: 0.000161, Train R²: 0.6796, Val Loss: 0.000173, Val R²: 0.6600
Epoch 710/1000
Train Loss: 0.000161, Train R²: 0.6796, Val Loss: 0.000173, Val R²: 0.6600
Epoch 711/1000
Train Loss: 0.000161, Train R²: 0.6795, Val Loss: 0.000173, Val R²: 0.6600
Epoch 712/1000
Train Loss: 0.000161, Train R²: 0.6796, Val Loss: 0.000173, Val R²: 0.6600
Epoch 713/1000
Train Loss: 0.000161, Train R²: 0.6796, Val Loss: 0.000173, Val R²: 0.6600
Epoch 714/1000
Train Loss: 0.000161, Train R²: 0.6796, Val Loss: 0.000173, Val R²: 0.6600
Epoch 715/1000
Train Loss: 0.000161, Train R²: 0.6795, Val Loss: 0.000173, Val R²: 0.6600
Epoch 716/1000
Train Loss: 0.000161, Train R²: 0.6796, Val Loss: 0.000173, Val R²: 0.6600
Epoch 717/1000
Train Loss: 0.000161, Train R²: 0.6796, Val Loss: 0.000173, Val R²: 0.6600
Epoch 718/1000
Train Loss: 0.000161, Train R²: 0.6796, Val Loss: 0.000173, Val R²: 0.6600
Epoch 719/1000
Train Loss: 0.000161, Train R²: 0.6796, Val Loss: 0.000173, Val R²: 0.6600
Epoch 720/1000
Train Loss: 0.000161, Train R²: 0.6796, Val Loss: 0.000173, Val R²: 0.6601
Epoch 721/1000
Train Loss: 0.000161, Train R²: 0.6796, Val Loss: 0.000173, Val R²: 0.6601
Epoch 722/1000
