Using device: cuda
Total samples: 100000, Training: 80000, Validation: 20000
模型的总参数量: 611073
Epoch 1/100
Warning: Failed to parse chiral InChI for index 27862. 
Warning: Failed to parse chiral InChI for index 27401. 
Warning: Failed to parse chiral InChI for index 4291. 
Warning: Failed to parse chiral InChI for index 25130. 
Warning: Failed to parse chiral InChI for index 66602. 
Warning: Failed to parse chiral InChI for index 30398. 
Warning: Failed to parse chiral InChI for index 27868. 
Warning: Failed to parse chiral InChI for index 4424. 
Warning: Failed to parse chiral InChI for index 31375. 
Warning: Failed to parse chiral InChI for index 29952. 
Warning: Failed to parse chiral InChI for index 27827. 
Warning: Failed to parse chiral InChI for index 25338. 
Warning: Failed to parse chiral InChI for index 27390. 
Warning: Failed to parse chiral InChI for index 30437. 
Warning: Failed to parse chiral InChI for index 31426. 
Warning: Failed to parse chiral InChI for index 27366. 
Warning: Failed to parse chiral InChI for index 55909. 
Warning: Failed to parse chiral InChI for index 27866. 
Warning: Failed to parse chiral InChI for index 62028. 
Warning: Failed to parse chiral InChI for index 4328. 
Warning: Failed to parse chiral InChI for index 27799. 
Warning: Failed to parse chiral InChI for index 32048. 
Warning: Failed to parse chiral InChI for index 31361. 
Warning: Failed to parse chiral InChI for index 30489. 
Warning: Failed to parse chiral InChI for index 29229. 
Train Loss: 0.09393806, Train R²: -0.821340, Val Loss: 0.05151689, Val R²: 0.002154
Saved Best Model with Val R²: 0.002154
Epoch 2/100
Warning: Failed to parse chiral InChI for index 27868. 
Warning: Failed to parse chiral InChI for index 66602. 
Warning: Failed to parse chiral InChI for index 27866. 
Warning: Failed to parse chiral InChI for index 31426. 
Warning: Failed to parse chiral InChI for index 4424. 
Warning: Failed to parse chiral InChI for index 30398. 
Warning: Failed to parse chiral InChI for index 27401. 
Warning: Failed to parse chiral InChI for index 25338. 
Warning: Failed to parse chiral InChI for index 27862. 
Warning: Failed to parse chiral InChI for index 27366. 
Warning: Failed to parse chiral InChI for index 29952. 
Warning: Failed to parse chiral InChI for index 31375. 
Warning: Failed to parse chiral InChI for index 27827. 
Warning: Failed to parse chiral InChI for index 55909. 
Warning: Failed to parse chiral InChI for index 4328. 
Warning: Failed to parse chiral InChI for index 27390. 
Warning: Failed to parse chiral InChI for index 4291. 
Warning: Failed to parse chiral InChI for index 30437. 
Warning: Failed to parse chiral InChI for index 62028. 
Warning: Failed to parse chiral InChI for index 25130. 
Warning: Failed to parse chiral InChI for index 27799. 
Warning: Failed to parse chiral InChI for index 32048. 
Warning: Failed to parse chiral InChI for index 31361. 
Warning: Failed to parse chiral InChI for index 30489. 
Warning: Failed to parse chiral InChI for index 29229. 
Train Loss: 0.05219173, Train R²: -0.011498, Val Loss: 0.05150152, Val R²: 0.002451
Saved Best Model with Val R²: 0.002451
Epoch 3/100
Warning: Failed to parse chiral InChI for index 30437. 
Warning: Failed to parse chiral InChI for index 27827. 
Warning: Failed to parse chiral InChI for index 62028. 
Warning: Failed to parse chiral InChI for index 25130. 
Warning: Failed to parse chiral InChI for index 27390. 
Warning: Failed to parse chiral InChI for index 27366. 
Warning: Failed to parse chiral InChI for index 30398. 
Warning: Failed to parse chiral InChI for index 66602. 
Warning: Failed to parse chiral InChI for index 55909. 
Warning: Failed to parse chiral InChI for index 27401. 
Warning: Failed to parse chiral InChI for index 27868. 
Warning: Failed to parse chiral InChI for index 31426. 
Warning: Failed to parse chiral InChI for index 27866. 
Warning: Failed to parse chiral InChI for index 4291. 
Warning: Failed to parse chiral InChI for index 4424. 
Warning: Failed to parse chiral InChI for index 31375. 
Warning: Failed to parse chiral InChI for index 25338. 
Warning: Failed to parse chiral InChI for index 4328. 
Warning: Failed to parse chiral InChI for index 29952. 
Warning: Failed to parse chiral InChI for index 27862. 
Warning: Failed to parse chiral InChI for index 27799. 
Warning: Failed to parse chiral InChI for index 32048. 
Warning: Failed to parse chiral InChI for index 31361. 
Warning: Failed to parse chiral InChI for index 30489. 
Warning: Failed to parse chiral InChI for index 29229. 
Train Loss: 0.05146414, Train R²: 0.002529, Val Loss: 0.05149714, Val R²: 0.002535
Saved Best Model with Val R²: 0.002535
Epoch 4/100
Warning: Failed to parse chiral InChI for index 30437. 
Warning: Failed to parse chiral InChI for index 27390. 
Warning: Failed to parse chiral InChI for index 29952. 
Warning: Failed to parse chiral InChI for index 27827. 
Warning: Failed to parse chiral InChI for index 27868. 
Warning: Failed to parse chiral InChI for index 27866. 
Warning: Failed to parse chiral InChI for index 62028. 
Warning: Failed to parse chiral InChI for index 27366. 
Warning: Failed to parse chiral InChI for index 31426. 
Warning: Failed to parse chiral InChI for index 30398. 
Warning: Failed to parse chiral InChI for index 27401. 
Warning: Failed to parse chiral InChI for index 66602. 
Warning: Failed to parse chiral InChI for index 25338. 
Warning: Failed to parse chiral InChI for index 55909. 
Warning: Failed to parse chiral InChI for index 4328. 
Warning: Failed to parse chiral InChI for index 4424. 
Warning: Failed to parse chiral InChI for index 31375. 
Warning: Failed to parse chiral InChI for index 4291. 
Warning: Failed to parse chiral InChI for index 25130. 
Warning: Failed to parse chiral InChI for index 27862. 
Warning: Failed to parse chiral InChI for index 27799. 
Warning: Failed to parse chiral InChI for index 32048. 
Warning: Failed to parse chiral InChI for index 31361. 
Warning: Failed to parse chiral InChI for index 30489. 
Warning: Failed to parse chiral InChI for index 29229. 
Train Loss: 0.05179347, Train R²: -0.003808, Val Loss: 0.05195647, Val R²: -0.006362
Epoch 5/100
Warning: Failed to parse chiral InChI for index 30437. 
Warning: Failed to parse chiral InChI for index 27827. 
Warning: Failed to parse chiral InChI for index 31375. 
Warning: Failed to parse chiral InChI for index 27862. 
Warning: Failed to parse chiral InChI for index 25130. 
Warning: Failed to parse chiral InChI for index 30398. 
Warning: Failed to parse chiral InChI for index 4424. 
Warning: Failed to parse chiral InChI for index 27366. 
Warning: Failed to parse chiral InChI for index 55909. 
Warning: Failed to parse chiral InChI for index 31426. 
Warning: Failed to parse chiral InChI for index 27866. 
Warning: Failed to parse chiral InChI for index 27868. 
Warning: Failed to parse chiral InChI for index 29952. 
Warning: Failed to parse chiral InChI for index 4291. 
Warning: Failed to parse chiral InChI for index 27390. 
Warning: Failed to parse chiral InChI for index 25338. 
Warning: Failed to parse chiral InChI for index 27401. 
Warning: Failed to parse chiral InChI for index 66602. 
Warning: Failed to parse chiral InChI for index 62028. 
Warning: Failed to parse chiral InChI for index 4328. 
Warning: Failed to parse chiral InChI for index 27799. 
Warning: Failed to parse chiral InChI for index 32048. 
Warning: Failed to parse chiral InChI for index 31361. 
Warning: Failed to parse chiral InChI for index 30489. 
Warning: Failed to parse chiral InChI for index 29229. 
Train Loss: 0.05159776, Train R²: -0.000058, Val Loss: 0.05162805, Val R²: 0.000000
Epoch 6/100
Warning: Failed to parse chiral InChI for index 27866. 
Warning: Failed to parse chiral InChI for index 29952. 
Warning: Failed to parse chiral InChI for index 30398. 
Warning: Failed to parse chiral InChI for index 31375. 
Warning: Failed to parse chiral InChI for index 27390. 
Warning: Failed to parse chiral InChI for index 27366. 
Warning: Failed to parse chiral InChI for index 66602. 
Warning: Failed to parse chiral InChI for index 31426. 
Warning: Failed to parse chiral InChI for index 25130. 
Warning: Failed to parse chiral InChI for index 62028. 
Warning: Failed to parse chiral InChI for index 4291. 
Warning: Failed to parse chiral InChI for index 27827. 
Warning: Failed to parse chiral InChI for index 4424. 
Warning: Failed to parse chiral InChI for index 4328. 
Warning: Failed to parse chiral InChI for index 27401. 
Warning: Failed to parse chiral InChI for index 25338. 
Warning: Failed to parse chiral InChI for index 30437. 
Warning: Failed to parse chiral InChI for index 55909. 
Warning: Failed to parse chiral InChI for index 27862. 
Warning: Failed to parse chiral InChI for index 27868. 
Warning: Failed to parse chiral InChI for index 27799. 
Warning: Failed to parse chiral InChI for index 32048. 
Warning: Failed to parse chiral InChI for index 31361. 
Warning: Failed to parse chiral InChI for index 30489. 
Warning: Failed to parse chiral InChI for index 29229. 
Train Loss: 0.05159340, Train R²: 0.000001, Val Loss: 0.05162804, Val R²: 0.000001
Epoch 7/100
Warning: Failed to parse chiral InChI for index 66602. 
Warning: Failed to parse chiral InChI for index 25338. 
Warning: Failed to parse chiral InChI for index 27827. 
Warning: Failed to parse chiral InChI for index 4328. 
Warning: Failed to parse chiral InChI for index 27366. 
Warning: Failed to parse chiral InChI for index 25130. 
Warning: Failed to parse chiral InChI for index 31375. 
Warning: Failed to parse chiral InChI for index 27390. 
Warning: Failed to parse chiral InChI for index 4424. 
Warning: Failed to parse chiral InChI for index 30437. 
Warning: Failed to parse chiral InChI for index 62028. 
Warning: Failed to parse chiral InChI for index 4291. 
Warning: Failed to parse chiral InChI for index 27866. 
Warning: Failed to parse chiral InChI for index 27862. 
Warning: Failed to parse chiral InChI for index 29952. 
Warning: Failed to parse chiral InChI for index 30398. 
Warning: Failed to parse chiral InChI for index 55909. 
Warning: Failed to parse chiral InChI for index 27868. 
Warning: Failed to parse chiral InChI for index 31426. 
Warning: Failed to parse chiral InChI for index 27401. 
Warning: Failed to parse chiral InChI for index 27799. 
Warning: Failed to parse chiral InChI for index 32048. 
Warning: Failed to parse chiral InChI for index 31361. 
Warning: Failed to parse chiral InChI for index 30489. 
Warning: Failed to parse chiral InChI for index 29229. 
Train Loss: 0.05159466, Train R²: 0.000001, Val Loss: 0.05162804, Val R²: 0.000001
Epoch 8/100
